#
# There is insufficient memory for the Java Runtime Environment to continue.
# Native memory allocation (malloc) failed to allocate 610576 bytes for Chunk::new
# Possible reasons:
#   The system is out of physical RAM or swap space
#   The process is running with CompressedOops enabled, and the Java Heap may be blocking the growth of the native heap
# Possible solutions:
#   Reduce memory load on the system
#   Increase physical memory or swap space
#   Check if swap backing store is full
#   Decrease Java heap size (-Xmx/-Xms)
#   Decrease number of Java threads
#   Decrease Java thread stack sizes (-Xss)
#   Set larger code cache with -XX:ReservedCodeCacheSize=
#   JVM is running with Unscaled Compressed Oops mode in which the Java heap is
#     placed in the first 4GB address space. The Java Heap base address is the
#     maximum limit for the native heap growth. Please use -XX:HeapBaseMinAddress
#     to set the Java Heap base and to place the Java Heap above 4GB virtual address.
# This output file may be truncated or incomplete.
#
#  Out of Memory Error (./src/hotspot/share/memory/arena.cpp:197), pid=16308, tid=22392
#
# JRE version: OpenJDK Runtime Environment (11.0.11+9) (build 11.0.11+9-b60-7590822)
# Java VM: OpenJDK 64-Bit Server VM (11.0.11+9-b60-7590822, mixed mode, tiered, compressed oops, g1 gc, windows-amd64)
# No core dump will be written. Minidumps are not enabled by default on client versions of Windows
#

---------------  S U M M A R Y ------------

Command Line: --add-opens=java.base/java.util=ALL-UNNAMED --add-opens=java.base/java.lang=ALL-UNNAMED --add-opens=java.base/java.lang.invoke=ALL-UNNAMED --add-opens=java.base/java.util=ALL-UNNAMED --add-opens=java.prefs/java.util.prefs=ALL-UNNAMED --add-opens=java.prefs/java.util.prefs=ALL-UNNAMED --add-opens=java.base/java.nio.charset=ALL-UNNAMED --add-opens=java.base/java.net=ALL-UNNAMED --add-opens=java.base/java.util.concurrent.atomic=ALL-UNNAMED -Xmx2048m -Dfile.encoding=UTF-8 -Duser.country=ID -Duser.language=en -Duser.variant org.gradle.launcher.daemon.bootstrap.GradleDaemon 7.2

Host: Intel(R) Core(TM) i7-8750H CPU @ 2.20GHz, 12 cores, 7G,  Windows 10 , 64 bit Build 22000 (10.0.22000.434)
Time: Fri Mar 18 15:17:04 2022 SE Asia Standard Time elapsed time: 11.776324 seconds (0d 0h 0m 11s)

---------------  T H R E A D  ---------------

Current thread (0x000001c904d6a000):  JavaThread "C2 CompilerThread0" daemon [_thread_in_native, id=22392, stack(0x00000003c7100000,0x00000003c7200000)]


Current CompileTask:
C2:  11776 7216       4       java.lang.invoke.LambdaForm$Name::replaceNames (174 bytes)

Stack: [0x00000003c7100000,0x00000003c7200000]
Native frames: (J=compiled Java code, j=interpreted, Vv=VM code, C=native code)
V  [jvm.dll+0x5f214a]
V  [jvm.dll+0x726fb5]
V  [jvm.dll+0x7285cd]
V  [jvm.dll+0x728c83]
V  [jvm.dll+0x243278]
V  [jvm.dll+0xbc53c]
V  [jvm.dll+0xbca3c]
V  [jvm.dll+0x353e3b]
V  [jvm.dll+0x1983c0]
V  [jvm.dll+0x1fc2ee]
V  [jvm.dll+0x1fb3d4]
V  [jvm.dll+0x183d6c]
V  [jvm.dll+0x209a57]
V  [jvm.dll+0x2082a1]
V  [jvm.dll+0x6ef58f]
V  [jvm.dll+0x6e80b5]
V  [jvm.dll+0x5f1036]
C  [ucrtbase.dll+0x26c0c]
C  [KERNEL32.DLL+0x154e0]
C  [ntdll.dll+0x485b]


---------------  P R O C E S S  ---------------

Threads class SMR info:
_java_thread_list=0x000001c90aae5f60, length=165, elements={
0x000001c967a9f800, 0x000001c9043ea800, 0x000001c9043f5800, 0x000001c904d64800,
0x000001c904d66000, 0x000001c904d69000, 0x000001c904d6a000, 0x000001c904d6b800,
0x000001c904d6e800, 0x000001c904eb6000, 0x000001c9073cf800, 0x000001c906d55800,
0x000001c906e7b800, 0x000001c906da4800, 0x000001c9060e2800, 0x000001c906802000,
0x000001c906802800, 0x000001c906804000, 0x000001c906804800, 0x000001c906ddb800,
0x000001c906ddc800, 0x000001c906dde000, 0x000001c906ddd000, 0x000001c906dd8800,
0x000001c906ddf000, 0x000001c906dda800, 0x000001c906dd9000, 0x000001c906dda000,
0x000001c9077c3000, 0x000001c9077c2800, 0x000001c9077c0800, 0x000001c9077c1800,
0x000001c9077c4000, 0x000001c9077c4800, 0x000001c9077c5800, 0x000001c9077c0000,
0x000001c9077c6800, 0x000001c9077c9800, 0x000001c9077ca800, 0x000001c9077cb000,
0x000001c9077cc000, 0x000001c9077cd000, 0x000001c9077c9000, 0x000001c9077ce800,
0x000001c909da1000, 0x000001c909d9b000, 0x000001c909d9f800, 0x000001c909d9c000,
0x000001c909da2800, 0x000001c909da0000, 0x000001c909da2000, 0x000001c909d9d000,
0x000001c909da3800, 0x000001c909d9d800, 0x000001c909da4000, 0x000001c909d9e800,
0x000001c909da9000, 0x000001c909daa000, 0x000001c909da5000, 0x000001c909da6000,
0x000001c909da6800, 0x000001c909da7800, 0x000001c909da8800, 0x000001c909d27000,
0x000001c909d28000, 0x000001c909d2a800, 0x000001c909d29800, 0x000001c909d24800,
0x000001c909d2b000, 0x000001c909d25800, 0x000001c909d26800, 0x000001c909d2c000,
0x000001c909d2d800, 0x000001c909d2d000, 0x000001c909d2e800, 0x000001c909d29000,
0x000001c909d2f800, 0x000001c909d31000, 0x000001c909d33800, 0x000001c909d32800,
0x000001c909d30000, 0x000001c909d31800, 0x000001c90af42000, 0x000001c90af43800,
0x000001c90af45800, 0x000001c90af48800, 0x000001c90af46000, 0x000001c90af48000,
0x000001c90af44800, 0x000001c90af43000, 0x000001c90af4c000, 0x000001c90af49800,
0x000001c90af4c800, 0x000001c90af4a800, 0x000001c90af47000, 0x000001c90af4d800,
0x000001c90af50000, 0x000001c90af4b000, 0x000001c90af4e800, 0x000001c90af4f000,
0x000001c90af51000, 0x000001c90ae6a800, 0x000001c90ae68000, 0x000001c90ae69000,
0x000001c90ae67000, 0x000001c90ae6c000, 0x000001c90ae6d000, 0x000001c90ae69800,
0x000001c90ae6e000, 0x000001c90ae70000, 0x000001c90ae71000, 0x000001c90ae6e800,
0x000001c90ae6f800, 0x000001c90ae6b800, 0x000001c90ae72000, 0x000001c90ae75000,
0x000001c90ae76000, 0x000001c90ae72800, 0x000001c90ae74800, 0x000001c90ae73800,
0x000001c90aaea000, 0x000001c90aaec800, 0x000001c90aaf0000, 0x000001c90aaf0800,
0x000001c90aaee000, 0x000001c90aaec000, 0x000001c90aaed800, 0x000001c90aaef000,
0x000001c90aaeb000, 0x000001c90aaf3000, 0x000001c90aaf5800, 0x000001c90aaf4000,
0x000001c90aaf6800, 0x000001c90aaf2800, 0x000001c90aaf5000, 0x000001c90aaf7000,
0x000001c90aaf1800, 0x000001c90aaf8000, 0x000001c90aaf9000, 0x000001c90b07d800,
0x000001c90b07e800, 0x000001c90b07b000, 0x000001c90b078800, 0x000001c90b07c000,
0x000001c90b07a000, 0x000001c90b07f000, 0x000001c90b07c800, 0x000001c90b079800,
0x000001c90b081800, 0x000001c90b084000, 0x000001c90b080800, 0x000001c90b082800,
0x000001c90b085800, 0x000001c90b083000, 0x000001c90b085000, 0x000001c90b080000,
0x000001c90b086800, 0x000001c90b087000, 0x000001c90aad9000, 0x000001c90aad7800,
0x000001c90aad6800, 0x000001c90aad8000, 0x000001c90aada000, 0x000001c90aada800,
0x000001c90aad5000
}

Java Threads: ( => current thread )
  0x000001c967a9f800 JavaThread "main" [_thread_blocked, id=17344, stack(0x00000003c6500000,0x00000003c6600000)]
  0x000001c9043ea800 JavaThread "Reference Handler" daemon [_thread_blocked, id=16516, stack(0x00000003c6c00000,0x00000003c6d00000)]
  0x000001c9043f5800 JavaThread "Finalizer" daemon [_thread_blocked, id=5052, stack(0x00000003c6d00000,0x00000003c6e00000)]
  0x000001c904d64800 JavaThread "Signal Dispatcher" daemon [_thread_blocked, id=8564, stack(0x00000003c6e00000,0x00000003c6f00000)]
  0x000001c904d66000 JavaThread "Attach Listener" daemon [_thread_blocked, id=7400, stack(0x00000003c6f00000,0x00000003c7000000)]
  0x000001c904d69000 JavaThread "Service Thread" daemon [_thread_blocked, id=22264, stack(0x00000003c7000000,0x00000003c7100000)]
=>0x000001c904d6a000 JavaThread "C2 CompilerThread0" daemon [_thread_in_native, id=22392, stack(0x00000003c7100000,0x00000003c7200000)]
  0x000001c904d6b800 JavaThread "C1 CompilerThread0" daemon [_thread_blocked, id=22232, stack(0x00000003c7200000,0x00000003c7300000)]
  0x000001c904d6e800 JavaThread "Sweeper thread" daemon [_thread_blocked, id=22480, stack(0x00000003c7300000,0x00000003c7400000)]
  0x000001c904eb6000 JavaThread "Common-Cleaner" daemon [_thread_blocked, id=22436, stack(0x00000003c7400000,0x00000003c7500000)]
  0x000001c9073cf800 JavaThread "Daemon health stats" [_thread_blocked, id=14304, stack(0x00000003c7800000,0x00000003c7900000)]
  0x000001c906d55800 JavaThread "Incoming local TCP Connector on port 49564" [_thread_in_native, id=7232, stack(0x00000003c7900000,0x00000003c7a00000)]
  0x000001c906e7b800 JavaThread "Daemon periodic checks" [_thread_blocked, id=15184, stack(0x00000003c7a00000,0x00000003c7b00000)]
  0x000001c906da4800 JavaThread "Daemon" [_thread_blocked, id=20684, stack(0x00000003c7b00000,0x00000003c7c00000)]
  0x000001c9060e2800 JavaThread "Handler for socket connection from /127.0.0.1:49564 to /127.0.0.1:49565" [_thread_in_native, id=5220, stack(0x00000003c7c00000,0x00000003c7d00000)]
  0x000001c906802000 JavaThread "Cancel handler" [_thread_blocked, id=13776, stack(0x00000003c7d00000,0x00000003c7e00000)]
  0x000001c906802800 JavaThread "Daemon worker" [_thread_in_vm, id=22340, stack(0x00000003c7e00000,0x00000003c7f00000)]
  0x000001c906804000 JavaThread "Asynchronous log dispatcher for DefaultDaemonConnection: socket connection from /127.0.0.1:49564 to /127.0.0.1:49565" [_thread_blocked, id=16524, stack(0x00000003c7f00000,0x00000003c8000000)]
  0x000001c906804800 JavaThread "Stdin handler" [_thread_blocked, id=16544, stack(0x00000003c8000000,0x00000003c8100000)]
  0x000001c906ddb800 JavaThread "Daemon client event forwarder" [_thread_blocked, id=22456, stack(0x00000003c8100000,0x00000003c8200000)]
  0x000001c906ddc800 JavaThread "Cache worker for journal cache (C:\Users\josh\.gradle\caches\journal-1)" [_thread_blocked, id=19464, stack(0x00000003c8a00000,0x00000003c8b00000)]
  0x000001c906dde000 JavaThread "File lock request listener" [_thread_in_native, id=18772, stack(0x00000003c8b00000,0x00000003c8c00000)]
  0x000001c906ddd000 JavaThread "Cache worker for file hash cache (C:\Users\josh\.gradle\caches\7.2\fileHashes)" [_thread_blocked, id=15752, stack(0x00000003c8c00000,0x00000003c8d00000)]
  0x000001c906dd8800 JavaThread "Cache worker for file hash cache (C:\Users\josh\AndroidStudioProjects\skrissiskpsi\.gradle\7.2\fileHashes)" [_thread_blocked, id=22408, stack(0x00000003c8f00000,0x00000003c9000000)]
  0x000001c906ddf000 JavaThread "File watcher server" daemon [_thread_in_native, id=13612, stack(0x00000003c9000000,0x00000003c9100000)]
  0x000001c906dda800 JavaThread "File watcher consumer" daemon [_thread_blocked, id=11748, stack(0x00000003c9100000,0x00000003c9200000)]
  0x000001c906dd9000 JavaThread "jar transforms" [_thread_blocked, id=22424, stack(0x00000003c9200000,0x00000003c9300000)]
  0x000001c906dda000 JavaThread "jar transforms Thread 2" [_thread_blocked, id=16644, stack(0x00000003c9300000,0x00000003c9400000)]
  0x000001c9077c3000 JavaThread "jar transforms Thread 3" [_thread_blocked, id=21880, stack(0x00000003c9400000,0x00000003c9500000)]
  0x000001c9077c2800 JavaThread "jar transforms Thread 4" [_thread_blocked, id=8252, stack(0x00000003c9500000,0x00000003c9600000)]
  0x000001c9077c0800 JavaThread "jar transforms Thread 5" [_thread_blocked, id=22364, stack(0x00000003c9600000,0x00000003c9700000)]
  0x000001c9077c1800 JavaThread "jar transforms Thread 6" [_thread_blocked, id=8328, stack(0x00000003c9700000,0x00000003c9800000)]
  0x000001c9077c4000 JavaThread "jar transforms Thread 7" [_thread_blocked, id=22324, stack(0x00000003c9800000,0x00000003c9900000)]
  0x000001c9077c4800 JavaThread "jar transforms Thread 8" [_thread_blocked, id=22076, stack(0x00000003c9900000,0x00000003c9a00000)]
  0x000001c9077c5800 JavaThread "jar transforms Thread 9" [_thread_blocked, id=22164, stack(0x00000003c9a00000,0x00000003c9b00000)]
  0x000001c9077c0000 JavaThread "jar transforms Thread 10" [_thread_blocked, id=22484, stack(0x00000003c9b00000,0x00000003c9c00000)]
  0x000001c9077c6800 JavaThread "jar transforms Thread 11" [_thread_blocked, id=22216, stack(0x00000003c9c00000,0x00000003c9d00000)]
  0x000001c9077c9800 JavaThread "jar transforms Thread 12" [_thread_blocked, id=7972, stack(0x00000003c9d00000,0x00000003c9e00000)]
  0x000001c9077ca800 JavaThread "Cache worker for checksums cache (C:\Users\josh\AndroidStudioProjects\skrissiskpsi\.gradle\checksums)" [_thread_blocked, id=20584, stack(0x00000003c9e00000,0x00000003c9f00000)]
  0x000001c9077cb000 JavaThread "Cache worker for cache directory md-supplier (C:\Users\josh\.gradle\caches\7.2\md-supplier)" [_thread_blocked, id=12976, stack(0x00000003c9f00000,0x00000003ca000000)]
  0x000001c9077cc000 JavaThread "Cache worker for cache directory md-rule (C:\Users\josh\.gradle\caches\7.2\md-rule)" [_thread_blocked, id=19412, stack(0x00000003ca000000,0x00000003ca100000)]
  0x000001c9077cd000 JavaThread "Cache worker for execution history cache (C:\Users\josh\.gradle\caches\7.2\executionHistory)" [_thread_blocked, id=16236, stack(0x00000003ca100000,0x00000003ca200000)]
  0x000001c9077c9000 JavaThread "Cache worker for file content cache (C:\Users\josh\.gradle\caches\7.2\fileContent)" [_thread_blocked, id=7744, stack(0x00000003ca200000,0x00000003ca300000)]
  0x000001c9077ce800 JavaThread "Cache worker for dependencies-accessors (C:\Users\josh\AndroidStudioProjects\skrissiskpsi\.gradle\7.2\dependencies-accessors)" [_thread_blocked, id=17328, stack(0x00000003ca300000,0x00000003ca400000)]
  0x000001c909da1000 JavaThread "Cache worker for Build Output Cleanup Cache (C:\Users\josh\AndroidStudioProjects\skrissiskpsi\.gradle\buildOutputCleanup)" [_thread_blocked, id=5380, stack(0x00000003ca400000,0x00000003ca500000)]
  0x000001c909d9b000 JavaThread "Unconstrained build operations" [_thread_blocked, id=9280, stack(0x00000003ca500000,0x00000003ca600000)]
  0x000001c909d9f800 JavaThread "Unconstrained build operations Thread 2" [_thread_blocked, id=10928, stack(0x00000003ca600000,0x00000003ca700000)]
  0x000001c909d9c000 JavaThread "Unconstrained build operations Thread 3" [_thread_blocked, id=7768, stack(0x00000003ca700000,0x00000003ca800000)]
  0x000001c909da2800 JavaThread "Unconstrained build operations Thread 4" [_thread_blocked, id=5244, stack(0x00000003ca800000,0x00000003ca900000)]
  0x000001c909da0000 JavaThread "Unconstrained build operations Thread 5" [_thread_blocked, id=13028, stack(0x00000003ca900000,0x00000003caa00000)]
  0x000001c909da2000 JavaThread "Unconstrained build operations Thread 6" [_thread_blocked, id=19664, stack(0x00000003caa00000,0x00000003cab00000)]
  0x000001c909d9d000 JavaThread "Unconstrained build operations Thread 7" [_thread_blocked, id=22080, stack(0x00000003cab00000,0x00000003cac00000)]
  0x000001c909da3800 JavaThread "Unconstrained build operations Thread 8" [_thread_blocked, id=2780, stack(0x00000003cac00000,0x00000003cad00000)]
  0x000001c909d9d800 JavaThread "Unconstrained build operations Thread 9" [_thread_blocked, id=2200, stack(0x00000003cad00000,0x00000003cae00000)]
  0x000001c909da4000 JavaThread "Unconstrained build operations Thread 10" [_thread_blocked, id=1928, stack(0x00000003cae00000,0x00000003caf00000)]
  0x000001c909d9e800 JavaThread "Unconstrained build operations Thread 11" [_thread_blocked, id=11244, stack(0x00000003caf00000,0x00000003cb000000)]
  0x000001c909da9000 JavaThread "Unconstrained build operations Thread 12" [_thread_blocked, id=9996, stack(0x00000003cb000000,0x00000003cb100000)]
  0x000001c909daa000 JavaThread "Unconstrained build operations Thread 13" [_thread_blocked, id=1216, stack(0x00000003cb100000,0x00000003cb200000)]
  0x000001c909da5000 JavaThread "Unconstrained build operations Thread 14" [_thread_blocked, id=3428, stack(0x00000003cb200000,0x00000003cb300000)]
  0x000001c909da6000 JavaThread "Unconstrained build operations Thread 15" [_thread_blocked, id=7688, stack(0x00000003cb300000,0x00000003cb400000)]
  0x000001c909da6800 JavaThread "Unconstrained build operations Thread 16" [_thread_blocked, id=16412, stack(0x00000003cb400000,0x00000003cb500000)]
  0x000001c909da7800 JavaThread "Unconstrained build operations Thread 17" [_thread_blocked, id=11528, stack(0x00000003cb500000,0x00000003cb600000)]
  0x000001c909da8800 JavaThread "Unconstrained build operations Thread 18" [_thread_blocked, id=22044, stack(0x00000003cb600000,0x00000003cb700000)]
  0x000001c909d27000 JavaThread "Unconstrained build operations Thread 19" [_thread_blocked, id=19904, stack(0x00000003cb700000,0x00000003cb800000)]
  0x000001c909d28000 JavaThread "Unconstrained build operations Thread 20" [_thread_blocked, id=8900, stack(0x00000003cb800000,0x00000003cb900000)]
  0x000001c909d2a800 JavaThread "Unconstrained build operations Thread 21" [_thread_blocked, id=19888, stack(0x00000003cb900000,0x00000003cba00000)]
  0x000001c909d29800 JavaThread "Unconstrained build operations Thread 22" [_thread_blocked, id=18804, stack(0x00000003cba00000,0x00000003cbb00000)]
  0x000001c909d24800 JavaThread "Unconstrained build operations Thread 23" [_thread_blocked, id=8536, stack(0x00000003cbb00000,0x00000003cbc00000)]
  0x000001c909d2b000 JavaThread "Unconstrained build operations Thread 24" [_thread_blocked, id=3516, stack(0x00000003cbc00000,0x00000003cbd00000)]
  0x000001c909d25800 JavaThread "Unconstrained build operations Thread 25" [_thread_blocked, id=21432, stack(0x00000003cbd00000,0x00000003cbe00000)]
  0x000001c909d26800 JavaThread "Unconstrained build operations Thread 26" [_thread_blocked, id=10308, stack(0x00000003cbe00000,0x00000003cbf00000)]
  0x000001c909d2c000 JavaThread "Unconstrained build operations Thread 27" [_thread_blocked, id=9492, stack(0x00000003cbf00000,0x00000003cc000000)]
  0x000001c909d2d800 JavaThread "Unconstrained build operations Thread 28" [_thread_blocked, id=14492, stack(0x00000003cc000000,0x00000003cc100000)]
  0x000001c909d2d000 JavaThread "Unconstrained build operations Thread 29" [_thread_blocked, id=21392, stack(0x00000003cc100000,0x00000003cc200000)]
  0x000001c909d2e800 JavaThread "Unconstrained build operations Thread 30" [_thread_blocked, id=20924, stack(0x00000003cc200000,0x00000003cc300000)]
  0x000001c909d29000 JavaThread "Unconstrained build operations Thread 31" [_thread_blocked, id=14820, stack(0x00000003cc300000,0x00000003cc400000)]
  0x000001c909d2f800 JavaThread "Unconstrained build operations Thread 32" [_thread_blocked, id=14272, stack(0x00000003cc400000,0x00000003cc500000)]
  0x000001c909d31000 JavaThread "Unconstrained build operations Thread 33" [_thread_blocked, id=12340, stack(0x00000003cc500000,0x00000003cc600000)]
  0x000001c909d33800 JavaThread "Unconstrained build operations Thread 34" [_thread_blocked, id=12848, stack(0x00000003cc600000,0x00000003cc700000)]
  0x000001c909d32800 JavaThread "Unconstrained build operations Thread 35" [_thread_blocked, id=16404, stack(0x00000003cc700000,0x00000003cc800000)]
  0x000001c909d30000 JavaThread "Unconstrained build operations Thread 36" [_thread_blocked, id=3380, stack(0x00000003cc800000,0x00000003cc900000)]
  0x000001c909d31800 JavaThread "Unconstrained build operations Thread 37" [_thread_blocked, id=13460, stack(0x00000003cc900000,0x00000003cca00000)]
  0x000001c90af42000 JavaThread "Unconstrained build operations Thread 38" [_thread_blocked, id=7172, stack(0x00000003cca00000,0x00000003ccb00000)]
  0x000001c90af43800 JavaThread "Unconstrained build operations Thread 39" [_thread_blocked, id=22404, stack(0x00000003ccb00000,0x00000003ccc00000)]
  0x000001c90af45800 JavaThread "Unconstrained build operations Thread 40" [_thread_blocked, id=22400, stack(0x00000003ccc00000,0x00000003ccd00000)]
  0x000001c90af48800 JavaThread "Unconstrained build operations Thread 41" [_thread_blocked, id=6284, stack(0x00000003ccd00000,0x00000003cce00000)]
  0x000001c90af46000 JavaThread "Unconstrained build operations Thread 42" [_thread_blocked, id=22204, stack(0x00000003cce00000,0x00000003ccf00000)]
  0x000001c90af48000 JavaThread "Unconstrained build operations Thread 43" [_thread_blocked, id=18788, stack(0x00000003ccf00000,0x00000003cd000000)]
  0x000001c90af44800 JavaThread "Unconstrained build operations Thread 44" [_thread_blocked, id=15188, stack(0x00000003cd000000,0x00000003cd100000)]
  0x000001c90af43000 JavaThread "Unconstrained build operations Thread 45" [_thread_blocked, id=3684, stack(0x00000003cd100000,0x00000003cd200000)]
  0x000001c90af4c000 JavaThread "Unconstrained build operations Thread 46" [_thread_blocked, id=16984, stack(0x00000003cd200000,0x00000003cd300000)]
  0x000001c90af49800 JavaThread "Unconstrained build operations Thread 47" [_thread_blocked, id=12984, stack(0x00000003cd300000,0x00000003cd400000)]
  0x000001c90af4c800 JavaThread "Unconstrained build operations Thread 48" [_thread_blocked, id=8420, stack(0x00000003cd400000,0x00000003cd500000)]
  0x000001c90af4a800 JavaThread "Unconstrained build operations Thread 49" [_thread_blocked, id=21608, stack(0x00000003cd500000,0x00000003cd600000)]
  0x000001c90af47000 JavaThread "Unconstrained build operations Thread 50" [_thread_blocked, id=18080, stack(0x00000003cd600000,0x00000003cd700000)]
  0x000001c90af4d800 JavaThread "Unconstrained build operations Thread 51" [_thread_blocked, id=8424, stack(0x00000003cd700000,0x00000003cd800000)]
  0x000001c90af50000 JavaThread "Unconstrained build operations Thread 52" [_thread_blocked, id=16720, stack(0x00000003cd800000,0x00000003cd900000)]
  0x000001c90af4b000 JavaThread "Unconstrained build operations Thread 53" [_thread_blocked, id=12836, stack(0x00000003cd900000,0x00000003cda00000)]
  0x000001c90af4e800 JavaThread "Unconstrained build operations Thread 54" [_thread_blocked, id=17096, stack(0x00000003cda00000,0x00000003cdb00000)]
  0x000001c90af4f000 JavaThread "Unconstrained build operations Thread 55" [_thread_blocked, id=19164, stack(0x00000003cdb00000,0x00000003cdc00000)]
  0x000001c90af51000 JavaThread "Unconstrained build operations Thread 56" [_thread_blocked, id=18416, stack(0x00000003cdc00000,0x00000003cdd00000)]
  0x000001c90ae6a800 JavaThread "Unconstrained build operations Thread 57" [_thread_blocked, id=17572, stack(0x00000003cdd00000,0x00000003cde00000)]
  0x000001c90ae68000 JavaThread "Unconstrained build operations Thread 58" [_thread_blocked, id=9128, stack(0x00000003cde00000,0x00000003cdf00000)]
  0x000001c90ae69000 JavaThread "Unconstrained build operations Thread 59" [_thread_blocked, id=12144, stack(0x00000003cdf00000,0x00000003ce000000)]
  0x000001c90ae67000 JavaThread "Unconstrained build operations Thread 60" [_thread_blocked, id=2108, stack(0x00000003ce000000,0x00000003ce100000)]
  0x000001c90ae6c000 JavaThread "Unconstrained build operations Thread 61" [_thread_blocked, id=21604, stack(0x00000003ce100000,0x00000003ce200000)]
  0x000001c90ae6d000 JavaThread "Unconstrained build operations Thread 62" [_thread_blocked, id=8076, stack(0x00000003ce200000,0x00000003ce300000)]
  0x000001c90ae69800 JavaThread "Unconstrained build operations Thread 63" [_thread_blocked, id=7844, stack(0x00000003ce300000,0x00000003ce400000)]
  0x000001c90ae6e000 JavaThread "Unconstrained build operations Thread 64" [_thread_blocked, id=21580, stack(0x00000003ce400000,0x00000003ce500000)]
  0x000001c90ae70000 JavaThread "Unconstrained build operations Thread 65" [_thread_blocked, id=8720, stack(0x00000003ce500000,0x00000003ce600000)]
  0x000001c90ae71000 JavaThread "Unconstrained build operations Thread 66" [_thread_blocked, id=10368, stack(0x00000003ce600000,0x00000003ce700000)]
  0x000001c90ae6e800 JavaThread "Unconstrained build operations Thread 67" [_thread_blocked, id=8232, stack(0x00000003ce700000,0x00000003ce800000)]
  0x000001c90ae6f800 JavaThread "Unconstrained build operations Thread 68" [_thread_blocked, id=9208, stack(0x00000003ce800000,0x00000003ce900000)]
  0x000001c90ae6b800 JavaThread "Unconstrained build operations Thread 69" [_thread_blocked, id=3840, stack(0x00000003ce900000,0x00000003cea00000)]
  0x000001c90ae72000 JavaThread "Unconstrained build operations Thread 70" [_thread_blocked, id=11476, stack(0x00000003cea00000,0x00000003ceb00000)]
  0x000001c90ae75000 JavaThread "Unconstrained build operations Thread 71" [_thread_blocked, id=9428, stack(0x00000003ceb00000,0x00000003cec00000)]
  0x000001c90ae76000 JavaThread "Unconstrained build operations Thread 72" [_thread_blocked, id=1724, stack(0x00000003cec00000,0x00000003ced00000)]
  0x000001c90ae72800 JavaThread "Unconstrained build operations Thread 73" [_thread_blocked, id=10984, stack(0x00000003ced00000,0x00000003cee00000)]
  0x000001c90ae74800 JavaThread "Unconstrained build operations Thread 74" [_thread_blocked, id=4516, stack(0x00000003cee00000,0x00000003cef00000)]
  0x000001c90ae73800 JavaThread "Unconstrained build operations Thread 75" [_thread_blocked, id=12332, stack(0x00000003cef00000,0x00000003cf000000)]
  0x000001c90aaea000 JavaThread "Unconstrained build operations Thread 76" [_thread_blocked, id=16448, stack(0x00000003cf000000,0x00000003cf100000)]
  0x000001c90aaec800 JavaThread "Unconstrained build operations Thread 77" [_thread_blocked, id=388, stack(0x00000003cf100000,0x00000003cf200000)]
  0x000001c90aaf0000 JavaThread "Unconstrained build operations Thread 78" [_thread_blocked, id=5540, stack(0x00000003cf200000,0x00000003cf300000)]
  0x000001c90aaf0800 JavaThread "Unconstrained build operations Thread 79" [_thread_blocked, id=9384, stack(0x00000003cf300000,0x00000003cf400000)]
  0x000001c90aaee000 JavaThread "Unconstrained build operations Thread 80" [_thread_blocked, id=11992, stack(0x00000003cf400000,0x00000003cf500000)]
  0x000001c90aaec000 JavaThread "Unconstrained build operations Thread 81" [_thread_blocked, id=10380, stack(0x00000003cf500000,0x00000003cf600000)]
  0x000001c90aaed800 JavaThread "Unconstrained build operations Thread 82" [_thread_blocked, id=22116, stack(0x00000003cf600000,0x00000003cf700000)]
  0x000001c90aaef000 JavaThread "Unconstrained build operations Thread 83" [_thread_blocked, id=13348, stack(0x00000003cf700000,0x00000003cf800000)]
  0x000001c90aaeb000 JavaThread "Unconstrained build operations Thread 84" [_thread_blocked, id=6740, stack(0x00000003cf800000,0x00000003cf900000)]
  0x000001c90aaf3000 JavaThread "Unconstrained build operations Thread 85" [_thread_blocked, id=11508, stack(0x00000003cf900000,0x00000003cfa00000)]
  0x000001c90aaf5800 JavaThread "Unconstrained build operations Thread 86" [_thread_blocked, id=17156, stack(0x00000003cfa00000,0x00000003cfb00000)]
  0x000001c90aaf4000 JavaThread "Unconstrained build operations Thread 87" [_thread_blocked, id=20808, stack(0x00000003cfb00000,0x00000003cfc00000)]
  0x000001c90aaf6800 JavaThread "Unconstrained build operations Thread 88" [_thread_blocked, id=3388, stack(0x00000003cfc00000,0x00000003cfd00000)]
  0x000001c90aaf2800 JavaThread "Unconstrained build operations Thread 89" [_thread_blocked, id=12404, stack(0x00000003cfd00000,0x00000003cfe00000)]
  0x000001c90aaf5000 JavaThread "Unconstrained build operations Thread 90" [_thread_blocked, id=8480, stack(0x00000003cfe00000,0x00000003cff00000)]
  0x000001c90aaf7000 JavaThread "Unconstrained build operations Thread 91" [_thread_blocked, id=12628, stack(0x00000003cff00000,0x00000003d0000000)]
  0x000001c90aaf1800 JavaThread "Unconstrained build operations Thread 92" [_thread_blocked, id=21828, stack(0x00000003d0000000,0x00000003d0100000)]
  0x000001c90aaf8000 JavaThread "Unconstrained build operations Thread 93" [_thread_blocked, id=6088, stack(0x00000003d0100000,0x00000003d0200000)]
  0x000001c90aaf9000 JavaThread "Unconstrained build operations Thread 94" [_thread_blocked, id=3544, stack(0x00000003d0200000,0x00000003d0300000)]
  0x000001c90b07d800 JavaThread "Unconstrained build operations Thread 95" [_thread_blocked, id=1064, stack(0x00000003d0300000,0x00000003d0400000)]
  0x000001c90b07e800 JavaThread "Unconstrained build operations Thread 96" [_thread_blocked, id=21416, stack(0x00000003d0400000,0x00000003d0500000)]
  0x000001c90b07b000 JavaThread "Unconstrained build operations Thread 97" [_thread_blocked, id=14144, stack(0x00000003d0500000,0x00000003d0600000)]
  0x000001c90b078800 JavaThread "Unconstrained build operations Thread 98" [_thread_blocked, id=7200, stack(0x00000003d0600000,0x00000003d0700000)]
  0x000001c90b07c000 JavaThread "Unconstrained build operations Thread 99" [_thread_blocked, id=12792, stack(0x00000003d0700000,0x00000003d0800000)]
  0x000001c90b07a000 JavaThread "Unconstrained build operations Thread 100" [_thread_blocked, id=11088, stack(0x00000003d0800000,0x00000003d0900000)]
  0x000001c90b07f000 JavaThread "Unconstrained build operations Thread 101" [_thread_blocked, id=12224, stack(0x00000003d0900000,0x00000003d0a00000)]
  0x000001c90b07c800 JavaThread "Unconstrained build operations Thread 102" [_thread_blocked, id=720, stack(0x00000003d0a00000,0x00000003d0b00000)]
  0x000001c90b079800 JavaThread "Unconstrained build operations Thread 103" [_thread_blocked, id=18448, stack(0x00000003d0b00000,0x00000003d0c00000)]
  0x000001c90b081800 JavaThread "Unconstrained build operations Thread 104" [_thread_blocked, id=21052, stack(0x00000003d0c00000,0x00000003d0d00000)]
  0x000001c90b084000 JavaThread "Unconstrained build operations Thread 105" [_thread_blocked, id=16916, stack(0x00000003d0d00000,0x00000003d0e00000)]
  0x000001c90b080800 JavaThread "Unconstrained build operations Thread 106" [_thread_blocked, id=12068, stack(0x00000003d0e00000,0x00000003d0f00000)]
  0x000001c90b082800 JavaThread "Unconstrained build operations Thread 107" [_thread_blocked, id=21400, stack(0x00000003d0f00000,0x00000003d1000000)]
  0x000001c90b085800 JavaThread "Unconstrained build operations Thread 108" [_thread_blocked, id=21992, stack(0x00000003d1000000,0x00000003d1100000)]
  0x000001c90b083000 JavaThread "Unconstrained build operations Thread 109" [_thread_blocked, id=15548, stack(0x00000003d1100000,0x00000003d1200000)]
  0x000001c90b085000 JavaThread "Unconstrained build operations Thread 110" [_thread_blocked, id=15536, stack(0x00000003d1200000,0x00000003d1300000)]
  0x000001c90b080000 JavaThread "Unconstrained build operations Thread 111" [_thread_blocked, id=13864, stack(0x00000003d1300000,0x00000003d1400000)]
  0x000001c90b086800 JavaThread "Unconstrained build operations Thread 112" [_thread_blocked, id=13300, stack(0x00000003d1400000,0x00000003d1500000)]
  0x000001c90b087000 JavaThread "Unconstrained build operations Thread 113" [_thread_blocked, id=12268, stack(0x00000003d1500000,0x00000003d1600000)]
  0x000001c90aad9000 JavaThread "Unconstrained build operations Thread 114" [_thread_blocked, id=3180, stack(0x00000003d1600000,0x00000003d1700000)]
  0x000001c90aad7800 JavaThread "Unconstrained build operations Thread 115" [_thread_blocked, id=21528, stack(0x00000003d1700000,0x00000003d1800000)]
  0x000001c90aad6800 JavaThread "Unconstrained build operations Thread 116" [_thread_blocked, id=13124, stack(0x00000003d1800000,0x00000003d1900000)]
  0x000001c90aad8000 JavaThread "Unconstrained build operations Thread 117" [_thread_blocked, id=1068, stack(0x00000003d1900000,0x00000003d1a00000)]
  0x000001c90aada000 JavaThread "Unconstrained build operations Thread 118" [_thread_blocked, id=17884, stack(0x00000003d1a00000,0x00000003d1b00000)]
  0x000001c90aada800 JavaThread "Unconstrained build operations Thread 119" [_thread_blocked, id=8576, stack(0x00000003d1b00000,0x00000003d1c00000)]
  0x000001c90aad5000 JavaThread "Unconstrained build operations Thread 120" [_thread_blocked, id=17108, stack(0x00000003d1c00000,0x00000003d1d00000)]

Other Threads:
  0x000001c9043e9000 VMThread "VM Thread" [stack: 0x00000003c6b00000,0x00000003c6c00000] [id=10168]
  0x000001c904ef4000 WatcherThread [stack: 0x00000003c7500000,0x00000003c7600000] [id=22432]
  0x000001c967ab6000 GCTaskThread "GC Thread#0" [stack: 0x00000003c6600000,0x00000003c6700000] [id=14200]
  0x000001c90596b800 GCTaskThread "GC Thread#1" [stack: 0x00000003c7600000,0x00000003c7700000] [id=12176]
  0x000001c905ab0800 GCTaskThread "GC Thread#2" [stack: 0x00000003c7700000,0x00000003c7800000] [id=22440]
  0x000001c906ecd800 GCTaskThread "GC Thread#3" [stack: 0x00000003c8200000,0x00000003c8300000] [id=15672]
  0x000001c906f47000 GCTaskThread "GC Thread#4" [stack: 0x00000003c8300000,0x00000003c8400000] [id=10964]
  0x000001c906f5d000 GCTaskThread "GC Thread#5" [stack: 0x00000003c8400000,0x00000003c8500000] [id=8392]
  0x000001c906f5d800 GCTaskThread "GC Thread#6" [stack: 0x00000003c8500000,0x00000003c8600000] [id=14252]
  0x000001c906dd7000 GCTaskThread "GC Thread#7" [stack: 0x00000003c8600000,0x00000003c8700000] [id=21300]
  0x000001c906dd7800 GCTaskThread "GC Thread#8" [stack: 0x00000003c8700000,0x00000003c8800000] [id=1672]
  0x000001c906051000 GCTaskThread "GC Thread#9" [stack: 0x00000003c8800000,0x00000003c8900000] [id=19160]
  0x000001c967aea800 ConcurrentGCThread "G1 Main Marker" [stack: 0x00000003c6700000,0x00000003c6800000] [id=1092]
  0x000001c967aec000 ConcurrentGCThread "G1 Conc#0" [stack: 0x00000003c6800000,0x00000003c6900000] [id=22464]
  0x000001c90703e000 ConcurrentGCThread "G1 Conc#1" [stack: 0x00000003c8d00000,0x00000003c8e00000] [id=20912]
  0x000001c90703f000 ConcurrentGCThread "G1 Conc#2" [stack: 0x00000003c8e00000,0x00000003c8f00000] [id=18604]
  0x000001c967b7d800 ConcurrentGCThread "G1 Refine#0" [stack: 0x00000003c6900000,0x00000003c6a00000] [id=22036]
  0x000001c905670000 ConcurrentGCThread "G1 Refine#1" [stack: 0x00000003c8900000,0x00000003c8a00000] [id=22452]
  0x000001c904238800 ConcurrentGCThread "G1 Young RemSet Sampling" [stack: 0x00000003c6a00000,0x00000003c6b00000] [id=16760]

Threads with active compile tasks:
C2 CompilerThread0  11850 7216       4       java.lang.invoke.LambdaForm$Name::replaceNames (174 bytes)

VM state:not at safepoint (normal execution)

VM Mutex/Monitor currently owned by a thread: None

Heap address: 0x0000000080000000, size: 2048 MB, Compressed Oops mode: 32-bit
Narrow klass base: 0x0000000000000000, Narrow klass shift: 3
Compressed class space size: 1073741824 Address: 0x0000000100000000

Heap:
 garbage-first heap   total 155648K, used 99407K [0x0000000080000000, 0x0000000100000000)
  region size 1024K, 23 young (23552K), 5 survivors (5120K)
 Metaspace       used 63196K, capacity 64942K, committed 65096K, reserved 1105920K
  class space    used 8046K, capacity 8646K, committed 8704K, reserved 1048576K
Heap Regions: E=young(eden), S=young(survivor), O=old, HS=humongous(starts), HC=humongous(continues), CS=collection set, F=free, A=archive, TAMS=top-at-mark-start (previous, next)
|   0|0x0000000080000000, 0x0000000080100000, 0x0000000080100000|100%| O|  |TAMS 0x0000000080100000, 0x0000000080000000| Untracked 
|   1|0x0000000080100000, 0x0000000080200000, 0x0000000080200000|100%| O|  |TAMS 0x0000000080200000, 0x0000000080100000| Untracked 
|   2|0x0000000080200000, 0x0000000080300000, 0x0000000080300000|100%| O|  |TAMS 0x0000000080300000, 0x0000000080200000| Untracked 
|   3|0x0000000080300000, 0x0000000080400000, 0x0000000080400000|100%|HS|  |TAMS 0x0000000080400000, 0x0000000080300000| Complete 
|   4|0x0000000080400000, 0x0000000080500000, 0x0000000080500000|100%|HC|  |TAMS 0x0000000080500000, 0x0000000080400000| Complete 
|   5|0x0000000080500000, 0x0000000080600000, 0x0000000080600000|100%|HC|  |TAMS 0x0000000080600000, 0x0000000080500000| Complete 
|   6|0x0000000080600000, 0x0000000080700000, 0x0000000080700000|100%| O|  |TAMS 0x0000000080700000, 0x0000000080600000| Untracked 
|   7|0x0000000080700000, 0x0000000080800000, 0x0000000080800000|100%| O|  |TAMS 0x0000000080800000, 0x0000000080700000| Untracked 
|   8|0x0000000080800000, 0x0000000080900000, 0x0000000080900000|100%| O|  |TAMS 0x0000000080900000, 0x0000000080800000| Untracked 
|   9|0x0000000080900000, 0x0000000080a00000, 0x0000000080a00000|100%| O|  |TAMS 0x0000000080a00000, 0x0000000080900000| Untracked 
|  10|0x0000000080a00000, 0x0000000080b00000, 0x0000000080b00000|100%| O|  |TAMS 0x0000000080b00000, 0x0000000080a00000| Untracked 
|  11|0x0000000080b00000, 0x0000000080c00000, 0x0000000080c00000|100%| O|  |TAMS 0x0000000080c00000, 0x0000000080b00000| Untracked 
|  12|0x0000000080c00000, 0x0000000080d00000, 0x0000000080d00000|100%| O|  |TAMS 0x0000000080d00000, 0x0000000080c00000| Untracked 
|  13|0x0000000080d00000, 0x0000000080e00000, 0x0000000080e00000|100%| O|  |TAMS 0x0000000080e00000, 0x0000000080d00000| Untracked 
|  14|0x0000000080e00000, 0x0000000080f00000, 0x0000000080f00000|100%| O|  |TAMS 0x0000000080f00000, 0x0000000080e00000| Untracked 
|  15|0x0000000080f00000, 0x0000000081000000, 0x0000000081000000|100%| O|  |TAMS 0x0000000081000000, 0x0000000080f00000| Untracked 
|  16|0x0000000081000000, 0x0000000081100000, 0x0000000081100000|100%|HS|  |TAMS 0x0000000081100000, 0x0000000081000000| Complete 
|  17|0x0000000081100000, 0x0000000081200000, 0x0000000081200000|100%|HC|  |TAMS 0x0000000081200000, 0x0000000081100000| Complete 
|  18|0x0000000081200000, 0x0000000081300000, 0x0000000081300000|100%|HS|  |TAMS 0x0000000081300000, 0x0000000081200000| Complete 
|  19|0x0000000081300000, 0x0000000081400000, 0x0000000081400000|100%|HC|  |TAMS 0x0000000081400000, 0x0000000081300000| Complete 
|  20|0x0000000081400000, 0x0000000081500000, 0x0000000081500000|100%|HC|  |TAMS 0x0000000081500000, 0x0000000081400000| Complete 
|  21|0x0000000081500000, 0x0000000081600000, 0x0000000081600000|100%|HS|  |TAMS 0x0000000081600000, 0x0000000081500000| Complete 
|  22|0x0000000081600000, 0x0000000081700000, 0x0000000081700000|100%|HC|  |TAMS 0x0000000081700000, 0x0000000081600000| Complete 
|  23|0x0000000081700000, 0x0000000081800000, 0x0000000081800000|100%|HC|  |TAMS 0x0000000081800000, 0x0000000081700000| Complete 
|  24|0x0000000081800000, 0x0000000081900000, 0x0000000081900000|100%|HC|  |TAMS 0x0000000081900000, 0x0000000081800000| Complete 
|  25|0x0000000081900000, 0x0000000081a00000, 0x0000000081a00000|100%| O|  |TAMS 0x0000000081a00000, 0x0000000081900000| Untracked 
|  26|0x0000000081a00000, 0x0000000081b00000, 0x0000000081b00000|100%| O|  |TAMS 0x0000000081b00000, 0x0000000081a00000| Untracked 
|  27|0x0000000081b00000, 0x0000000081c00000, 0x0000000081c00000|100%| O|  |TAMS 0x0000000081c00000, 0x0000000081b00000| Untracked 
|  28|0x0000000081c00000, 0x0000000081d00000, 0x0000000081d00000|100%| O|  |TAMS 0x0000000081d00000, 0x0000000081c00000| Untracked 
|  29|0x0000000081d00000, 0x0000000081e00000, 0x0000000081e00000|100%| O|  |TAMS 0x0000000081e00000, 0x0000000081d00000| Untracked 
|  30|0x0000000081e00000, 0x0000000081f00000, 0x0000000081f00000|100%| O|  |TAMS 0x0000000081f00000, 0x0000000081e00000| Untracked 
|  31|0x0000000081f00000, 0x0000000082000000, 0x0000000082000000|100%| O|  |TAMS 0x0000000082000000, 0x0000000081f00000| Untracked 
|  32|0x0000000082000000, 0x0000000082100000, 0x0000000082100000|100%| O|  |TAMS 0x0000000082100000, 0x0000000082000000| Untracked 
|  33|0x0000000082100000, 0x0000000082200000, 0x0000000082200000|100%| O|  |TAMS 0x0000000082200000, 0x0000000082100000| Untracked 
|  34|0x0000000082200000, 0x0000000082300000, 0x0000000082300000|100%| O|  |TAMS 0x0000000082300000, 0x0000000082200000| Untracked 
|  35|0x0000000082300000, 0x0000000082400000, 0x0000000082400000|100%| O|  |TAMS 0x0000000082400000, 0x0000000082300000| Untracked 
|  36|0x0000000082400000, 0x0000000082500000, 0x0000000082500000|100%| O|  |TAMS 0x0000000082500000, 0x0000000082400000| Untracked 
|  37|0x0000000082500000, 0x0000000082600000, 0x0000000082600000|100%| O|  |TAMS 0x0000000082600000, 0x0000000082500000| Untracked 
|  38|0x0000000082600000, 0x0000000082700000, 0x0000000082700000|100%| O|  |TAMS 0x0000000082700000, 0x0000000082600000| Untracked 
|  39|0x0000000082700000, 0x0000000082800000, 0x0000000082800000|100%| O|  |TAMS 0x0000000082800000, 0x0000000082700000| Untracked 
|  40|0x0000000082800000, 0x0000000082900000, 0x0000000082900000|100%|HS|  |TAMS 0x0000000082900000, 0x0000000082800000| Complete 
|  41|0x0000000082900000, 0x0000000082a00000, 0x0000000082a00000|100%|HC|  |TAMS 0x0000000082a00000, 0x0000000082900000| Complete 
|  42|0x0000000082a00000, 0x0000000082b00000, 0x0000000082b00000|100%|HC|  |TAMS 0x0000000082b00000, 0x0000000082a00000| Complete 
|  43|0x0000000082b00000, 0x0000000082c00000, 0x0000000082c00000|100%| O|  |TAMS 0x0000000082c00000, 0x0000000082b00000| Untracked 
|  44|0x0000000082c00000, 0x0000000082d00000, 0x0000000082d00000|100%| O|  |TAMS 0x0000000082d00000, 0x0000000082c00000| Untracked 
|  45|0x0000000082d00000, 0x0000000082e00000, 0x0000000082e00000|100%| O|  |TAMS 0x0000000082e00000, 0x0000000082d00000| Untracked 
|  46|0x0000000082e00000, 0x0000000082f00000, 0x0000000082f00000|100%| O|  |TAMS 0x0000000082f00000, 0x0000000082e00000| Untracked 
|  47|0x0000000082f00000, 0x0000000083000000, 0x0000000083000000|100%| O|  |TAMS 0x0000000083000000, 0x0000000082f00000| Untracked 
|  48|0x0000000083000000, 0x0000000083100000, 0x0000000083100000|100%|HS|  |TAMS 0x0000000083100000, 0x0000000083000000| Complete 
|  49|0x0000000083100000, 0x0000000083200000, 0x0000000083200000|100%|HC|  |TAMS 0x0000000083200000, 0x0000000083100000| Complete 
|  50|0x0000000083200000, 0x0000000083300000, 0x0000000083300000|100%|HC|  |TAMS 0x0000000083300000, 0x0000000083200000| Complete 
|  51|0x0000000083300000, 0x0000000083400000, 0x0000000083400000|100%|HC|  |TAMS 0x0000000083400000, 0x0000000083300000| Complete 
|  52|0x0000000083400000, 0x0000000083500000, 0x0000000083500000|100%| O|  |TAMS 0x0000000083500000, 0x0000000083400000| Untracked 
|  53|0x0000000083500000, 0x0000000083600000, 0x0000000083600000|100%| O|  |TAMS 0x0000000083600000, 0x0000000083500000| Untracked 
|  54|0x0000000083600000, 0x0000000083700000, 0x0000000083700000|100%| O|  |TAMS 0x0000000083700000, 0x0000000083600000| Untracked 
|  55|0x0000000083700000, 0x0000000083800000, 0x0000000083800000|100%| O|  |TAMS 0x0000000083800000, 0x0000000083700000| Untracked 
|  56|0x0000000083800000, 0x0000000083900000, 0x0000000083900000|100%| O|  |TAMS 0x0000000083900000, 0x0000000083800000| Untracked 
|  57|0x0000000083900000, 0x0000000083a00000, 0x0000000083a00000|100%| O|  |TAMS 0x0000000083a00000, 0x0000000083900000| Untracked 
|  58|0x0000000083a00000, 0x0000000083b00000, 0x0000000083b00000|100%| O|  |TAMS 0x0000000083b00000, 0x0000000083a00000| Untracked 
|  59|0x0000000083b00000, 0x0000000083c00000, 0x0000000083c00000|100%| O|  |TAMS 0x0000000083c00000, 0x0000000083b00000| Untracked 
|  60|0x0000000083c00000, 0x0000000083d00000, 0x0000000083d00000|100%| O|  |TAMS 0x0000000083d00000, 0x0000000083c00000| Untracked 
|  61|0x0000000083d00000, 0x0000000083e00000, 0x0000000083e00000|100%| O|  |TAMS 0x0000000083e00000, 0x0000000083d00000| Untracked 
|  62|0x0000000083e00000, 0x0000000083f00000, 0x0000000083f00000|100%| O|  |TAMS 0x0000000083f00000, 0x0000000083e00000| Untracked 
|  63|0x0000000083f00000, 0x0000000084000000, 0x0000000084000000|100%| O|  |TAMS 0x0000000084000000, 0x0000000083f00000| Untracked 
|  64|0x0000000084000000, 0x0000000084100000, 0x0000000084100000|100%|HS|  |TAMS 0x0000000084100000, 0x0000000084000000| Complete 
|  65|0x0000000084100000, 0x0000000084200000, 0x0000000084200000|100%|HS|  |TAMS 0x0000000084200000, 0x0000000084100000| Complete 
|  66|0x0000000084200000, 0x0000000084300000, 0x0000000084300000|100%|HS|  |TAMS 0x0000000084300000, 0x0000000084200000| Complete 
|  67|0x0000000084300000, 0x0000000084400000, 0x0000000084400000|100%|HS|  |TAMS 0x0000000084400000, 0x0000000084300000| Complete 
|  68|0x0000000084400000, 0x0000000084500000, 0x0000000084500000|100%|HS|  |TAMS 0x0000000084500000, 0x0000000084400000| Complete 
|  69|0x0000000084500000, 0x0000000084600000, 0x0000000084600000|100%|HC|  |TAMS 0x0000000084600000, 0x0000000084500000| Complete 
|  70|0x0000000084600000, 0x0000000084700000, 0x0000000084700000|100%|HC|  |TAMS 0x0000000084700000, 0x0000000084600000| Complete 
|  71|0x0000000084700000, 0x0000000084800000, 0x0000000084800000|100%| O|  |TAMS 0x0000000084800000, 0x0000000084700000| Untracked 
|  72|0x0000000084800000, 0x0000000084900000, 0x0000000084900000|100%| O|  |TAMS 0x0000000084900000, 0x0000000084800000| Untracked 
|  73|0x0000000084900000, 0x000000008498d600, 0x0000000084a00000| 55%| O|  |TAMS 0x000000008498d600, 0x0000000084900000| Untracked 
|  74|0x0000000084a00000, 0x0000000084b00000, 0x0000000084b00000|100%|HS|  |TAMS 0x0000000084a00000, 0x0000000084a00000| Complete 
|  75|0x0000000084b00000, 0x0000000084c00000, 0x0000000084c00000|100%|HC|  |TAMS 0x0000000084b00000, 0x0000000084b00000| Complete 
|  76|0x0000000084c00000, 0x0000000084c00000, 0x0000000084d00000|  0%| F|  |TAMS 0x0000000084c00000, 0x0000000084c00000| Untracked 
|  77|0x0000000084d00000, 0x0000000084d00000, 0x0000000084e00000|  0%| F|  |TAMS 0x0000000084d00000, 0x0000000084d00000| Untracked 
|  78|0x0000000084e00000, 0x0000000084e00000, 0x0000000084f00000|  0%| F|  |TAMS 0x0000000084e00000, 0x0000000084e00000| Untracked 
|  79|0x0000000084f00000, 0x0000000084f00000, 0x0000000085000000|  0%| F|  |TAMS 0x0000000084f00000, 0x0000000084f00000| Untracked 
|  80|0x0000000085000000, 0x0000000085000000, 0x0000000085100000|  0%| F|  |TAMS 0x0000000085000000, 0x0000000085000000| Untracked 
|  81|0x0000000085100000, 0x0000000085100000, 0x0000000085200000|  0%| F|  |TAMS 0x0000000085100000, 0x0000000085100000| Untracked 
|  82|0x0000000085200000, 0x0000000085200000, 0x0000000085300000|  0%| F|  |TAMS 0x0000000085200000, 0x0000000085200000| Untracked 
|  83|0x0000000085300000, 0x0000000085300000, 0x0000000085400000|  0%| F|  |TAMS 0x0000000085300000, 0x0000000085300000| Untracked 
|  84|0x0000000085400000, 0x0000000085400000, 0x0000000085500000|  0%| F|  |TAMS 0x0000000085400000, 0x0000000085400000| Untracked 
|  85|0x0000000085500000, 0x0000000085500000, 0x0000000085600000|  0%| F|  |TAMS 0x0000000085500000, 0x0000000085500000| Untracked 
|  86|0x0000000085600000, 0x0000000085600000, 0x0000000085700000|  0%| F|  |TAMS 0x0000000085600000, 0x0000000085600000| Untracked 
|  87|0x0000000085700000, 0x0000000085700000, 0x0000000085800000|  0%| F|  |TAMS 0x0000000085700000, 0x0000000085700000| Untracked 
|  88|0x0000000085800000, 0x0000000085800000, 0x0000000085900000|  0%| F|  |TAMS 0x0000000085800000, 0x0000000085800000| Untracked 
|  89|0x0000000085900000, 0x0000000085900000, 0x0000000085a00000|  0%| F|  |TAMS 0x0000000085900000, 0x0000000085900000| Untracked 
|  90|0x0000000085a00000, 0x0000000085a00000, 0x0000000085b00000|  0%| F|  |TAMS 0x0000000085a00000, 0x0000000085a00000| Untracked 
|  91|0x0000000085b00000, 0x0000000085b00000, 0x0000000085c00000|  0%| F|  |TAMS 0x0000000085b00000, 0x0000000085b00000| Untracked 
|  92|0x0000000085c00000, 0x0000000085c00000, 0x0000000085d00000|  0%| F|  |TAMS 0x0000000085c00000, 0x0000000085c00000| Untracked 
|  93|0x0000000085d00000, 0x0000000085d00000, 0x0000000085e00000|  0%| F|  |TAMS 0x0000000085d00000, 0x0000000085d00000| Untracked 
|  94|0x0000000085e00000, 0x0000000085e00000, 0x0000000085f00000|  0%| F|  |TAMS 0x0000000085e00000, 0x0000000085e00000| Untracked 
|  95|0x0000000085f00000, 0x0000000085f00000, 0x0000000086000000|  0%| F|  |TAMS 0x0000000085f00000, 0x0000000085f00000| Untracked 
|  96|0x0000000086000000, 0x0000000086000000, 0x0000000086100000|  0%| F|  |TAMS 0x0000000086000000, 0x0000000086000000| Untracked 
|  97|0x0000000086100000, 0x0000000086100000, 0x0000000086200000|  0%| F|  |TAMS 0x0000000086100000, 0x0000000086100000| Untracked 
|  98|0x0000000086200000, 0x0000000086200000, 0x0000000086300000|  0%| F|  |TAMS 0x0000000086200000, 0x0000000086200000| Untracked 
|  99|0x0000000086300000, 0x0000000086300000, 0x0000000086400000|  0%| F|  |TAMS 0x0000000086300000, 0x0000000086300000| Untracked 
| 100|0x0000000086400000, 0x0000000086400000, 0x0000000086500000|  0%| F|  |TAMS 0x0000000086400000, 0x0000000086400000| Untracked 
| 101|0x0000000086500000, 0x0000000086500000, 0x0000000086600000|  0%| F|  |TAMS 0x0000000086500000, 0x0000000086500000| Untracked 
| 102|0x0000000086600000, 0x0000000086600000, 0x0000000086700000|  0%| F|  |TAMS 0x0000000086600000, 0x0000000086600000| Untracked 
| 103|0x0000000086700000, 0x0000000086700000, 0x0000000086800000|  0%| F|  |TAMS 0x0000000086700000, 0x0000000086700000| Untracked 
| 104|0x0000000086800000, 0x0000000086800000, 0x0000000086900000|  0%| F|  |TAMS 0x0000000086800000, 0x0000000086800000| Untracked 
| 105|0x0000000086900000, 0x0000000086900000, 0x0000000086a00000|  0%| F|  |TAMS 0x0000000086900000, 0x0000000086900000| Untracked 
| 106|0x0000000086a00000, 0x0000000086a00000, 0x0000000086b00000|  0%| F|  |TAMS 0x0000000086a00000, 0x0000000086a00000| Untracked 
| 107|0x0000000086b00000, 0x0000000086b00000, 0x0000000086c00000|  0%| F|  |TAMS 0x0000000086b00000, 0x0000000086b00000| Untracked 
| 108|0x0000000086c00000, 0x0000000086c866b8, 0x0000000086d00000| 52%| S|CS|TAMS 0x0000000086c00000, 0x0000000086c00000| Complete 
| 109|0x0000000086d00000, 0x0000000086e00000, 0x0000000086e00000|100%| S|CS|TAMS 0x0000000086d00000, 0x0000000086d00000| Complete 
| 110|0x0000000086e00000, 0x0000000086f00000, 0x0000000086f00000|100%| S|CS|TAMS 0x0000000086e00000, 0x0000000086e00000| Complete 
| 111|0x0000000086f00000, 0x0000000087000000, 0x0000000087000000|100%| S|CS|TAMS 0x0000000086f00000, 0x0000000086f00000| Complete 
| 112|0x0000000087000000, 0x0000000087100000, 0x0000000087100000|100%| S|CS|TAMS 0x0000000087000000, 0x0000000087000000| Complete 
| 113|0x0000000087100000, 0x0000000087100000, 0x0000000087200000|  0%| F|  |TAMS 0x0000000087100000, 0x0000000087100000| Untracked 
| 114|0x0000000087200000, 0x0000000087200000, 0x0000000087300000|  0%| F|  |TAMS 0x0000000087200000, 0x0000000087200000| Untracked 
| 115|0x0000000087300000, 0x0000000087300000, 0x0000000087400000|  0%| F|  |TAMS 0x0000000087300000, 0x0000000087300000| Untracked 
| 116|0x0000000087400000, 0x0000000087400000, 0x0000000087500000|  0%| F|  |TAMS 0x0000000087400000, 0x0000000087400000| Untracked 
| 117|0x0000000087500000, 0x0000000087500000, 0x0000000087600000|  0%| F|  |TAMS 0x0000000087500000, 0x0000000087500000| Untracked 
| 118|0x0000000087600000, 0x0000000087600000, 0x0000000087700000|  0%| F|  |TAMS 0x0000000087600000, 0x0000000087600000| Untracked 
| 119|0x0000000087700000, 0x0000000087700000, 0x0000000087800000|  0%| F|  |TAMS 0x0000000087700000, 0x0000000087700000| Untracked 
| 120|0x0000000087800000, 0x0000000087800000, 0x0000000087900000|  0%| F|  |TAMS 0x0000000087800000, 0x0000000087800000| Untracked 
| 121|0x0000000087900000, 0x0000000087900000, 0x0000000087a00000|  0%| F|  |TAMS 0x0000000087900000, 0x0000000087900000| Untracked 
| 122|0x0000000087a00000, 0x0000000087a00000, 0x0000000087b00000|  0%| F|  |TAMS 0x0000000087a00000, 0x0000000087a00000| Untracked 
| 123|0x0000000087b00000, 0x0000000087b00000, 0x0000000087c00000|  0%| F|  |TAMS 0x0000000087b00000, 0x0000000087b00000| Untracked 
| 124|0x0000000087c00000, 0x0000000087c00000, 0x0000000087d00000|  0%| F|  |TAMS 0x0000000087c00000, 0x0000000087c00000| Untracked 
| 125|0x0000000087d00000, 0x0000000087d00000, 0x0000000087e00000|  0%| F|  |TAMS 0x0000000087d00000, 0x0000000087d00000| Untracked 
| 126|0x0000000087e00000, 0x0000000087e00000, 0x0000000087f00000|  0%| F|  |TAMS 0x0000000087e00000, 0x0000000087e00000| Untracked 
| 127|0x0000000087f00000, 0x0000000087f00000, 0x0000000088000000|  0%| F|  |TAMS 0x0000000087f00000, 0x0000000087f00000| Untracked 
| 128|0x0000000088000000, 0x0000000088000000, 0x0000000088100000|  0%| F|  |TAMS 0x0000000088000000, 0x0000000088000000| Untracked 
| 129|0x0000000088100000, 0x0000000088100000, 0x0000000088200000|  0%| F|  |TAMS 0x0000000088100000, 0x0000000088100000| Untracked 
| 130|0x0000000088200000, 0x0000000088200000, 0x0000000088300000|  0%| F|  |TAMS 0x0000000088200000, 0x0000000088200000| Untracked 
| 131|0x0000000088300000, 0x0000000088300000, 0x0000000088400000|  0%| F|  |TAMS 0x0000000088300000, 0x0000000088300000| Untracked 
| 132|0x0000000088400000, 0x0000000088400000, 0x0000000088500000|  0%| F|  |TAMS 0x0000000088400000, 0x0000000088400000| Untracked 
| 133|0x0000000088500000, 0x0000000088500000, 0x0000000088600000|  0%| F|  |TAMS 0x0000000088500000, 0x0000000088500000| Untracked 
| 134|0x0000000088600000, 0x0000000088700000, 0x0000000088700000|100%| E|  |TAMS 0x0000000088600000, 0x0000000088600000| Complete 
| 135|0x0000000088700000, 0x0000000088800000, 0x0000000088800000|100%| E|CS|TAMS 0x0000000088700000, 0x0000000088700000| Complete 
| 136|0x0000000088800000, 0x0000000088900000, 0x0000000088900000|100%| E|CS|TAMS 0x0000000088800000, 0x0000000088800000| Complete 
| 137|0x0000000088900000, 0x0000000088a00000, 0x0000000088a00000|100%| E|CS|TAMS 0x0000000088900000, 0x0000000088900000| Complete 
| 138|0x0000000088a00000, 0x0000000088b00000, 0x0000000088b00000|100%| E|CS|TAMS 0x0000000088a00000, 0x0000000088a00000| Complete 
| 139|0x0000000088b00000, 0x0000000088c00000, 0x0000000088c00000|100%| E|CS|TAMS 0x0000000088b00000, 0x0000000088b00000| Complete 
| 140|0x0000000088c00000, 0x0000000088d00000, 0x0000000088d00000|100%| E|CS|TAMS 0x0000000088c00000, 0x0000000088c00000| Complete 
| 141|0x0000000088d00000, 0x0000000088e00000, 0x0000000088e00000|100%| E|CS|TAMS 0x0000000088d00000, 0x0000000088d00000| Complete 
| 142|0x0000000088e00000, 0x0000000088f00000, 0x0000000088f00000|100%| E|CS|TAMS 0x0000000088e00000, 0x0000000088e00000| Complete 
| 143|0x0000000088f00000, 0x0000000089000000, 0x0000000089000000|100%| E|CS|TAMS 0x0000000088f00000, 0x0000000088f00000| Complete 
| 144|0x0000000089000000, 0x0000000089100000, 0x0000000089100000|100%| E|CS|TAMS 0x0000000089000000, 0x0000000089000000| Complete 
| 145|0x0000000089100000, 0x0000000089200000, 0x0000000089200000|100%| E|CS|TAMS 0x0000000089100000, 0x0000000089100000| Complete 
| 146|0x0000000089200000, 0x0000000089300000, 0x0000000089300000|100%| E|CS|TAMS 0x0000000089200000, 0x0000000089200000| Complete 
| 147|0x0000000089300000, 0x0000000089400000, 0x0000000089400000|100%| E|CS|TAMS 0x0000000089300000, 0x0000000089300000| Complete 
| 148|0x0000000089400000, 0x0000000089500000, 0x0000000089500000|100%| E|CS|TAMS 0x0000000089400000, 0x0000000089400000| Complete 
| 149|0x0000000089500000, 0x0000000089600000, 0x0000000089600000|100%| E|CS|TAMS 0x0000000089500000, 0x0000000089500000| Complete 
| 150|0x0000000089600000, 0x0000000089700000, 0x0000000089700000|100%| E|CS|TAMS 0x0000000089600000, 0x0000000089600000| Complete 
| 151|0x0000000089700000, 0x0000000089800000, 0x0000000089800000|100%| E|CS|TAMS 0x0000000089700000, 0x0000000089700000| Complete 

Card table byte_map: [0x000001c97ce10000,0x000001c97d210000] _byte_map_base: 0x000001c97ca10000

Marking Bits (Prev, Next): (CMBitMap*) 0x000001c967ae1e78, (CMBitMap*) 0x000001c967ae1eb0
 Prev Bits: [0x000001c97d610000, 0x000001c97f610000)
 Next Bits: [0x000001c900000000, 0x000001c902000000)

Polling page: 0x000001c967b80000

Metaspace:

Usage:
  Non-class:     55.04 MB capacity,    53.89 MB ( 98%) used,  1002.59 KB (  2%) free+waste,   171.88 KB ( <1%) overhead. 
      Class:      8.44 MB capacity,     7.86 MB ( 93%) used,   514.93 KB (  6%) free+waste,    81.25 KB ( <1%) overhead. 
       Both:     63.48 MB capacity,    61.75 MB ( 97%) used,     1.48 MB (  2%) free+waste,   253.13 KB ( <1%) overhead. 

Virtual space:
  Non-class space:       56.00 MB reserved,      55.07 MB ( 98%) committed 
      Class space:        1.00 GB reserved,       8.50 MB ( <1%) committed 
             Both:        1.05 GB reserved,      63.57 MB (  6%) committed 

Chunk freelists:
   Non-Class:  32.00 KB
       Class:  26.00 KB
        Both:  58.00 KB

MaxMetaspaceSize: 17179869184.00 GB
CompressedClassSpaceSize: 1.00 GB

CodeHeap 'non-profiled nmethods': size=120000Kb used=3258Kb max_used=3258Kb free=116741Kb
 bounds [0x000001c974860000, 0x000001c974b90000, 0x000001c97bd90000]
CodeHeap 'profiled nmethods': size=120000Kb used=14505Kb max_used=14505Kb free=105494Kb
 bounds [0x000001c96d330000, 0x000001c96e160000, 0x000001c974860000]
CodeHeap 'non-nmethods': size=5760Kb used=2250Kb max_used=2268Kb free=3509Kb
 bounds [0x000001c96cd90000, 0x000001c96d000000, 0x000001c96d330000]
 total_blobs=8089 nmethods=7252 adapters=748
 compilation: enabled
              stopped_count=0, restarted_count=0
 full_count=0

Compilation events (20 events):
Event: 11.675 Thread 0x000001c904d6b800 7371       3       java.lang.invoke.SimpleMethodHandle::<init> (7 bytes)
Event: 11.675 Thread 0x000001c904d6b800 nmethod 7371 0x000001c96e153590 code [0x000001c96e153760, 0x000001c96e153908]
Event: 11.688 Thread 0x000001c904d6b800 7372       3       java.lang.invoke.MethodHandles::makeIdentity (23 bytes)
Event: 11.690 Thread 0x000001c904d6b800 nmethod 7372 0x000001c96e153a10 code [0x000001c96e153ca0, 0x000001c96e1548f8]
Event: 11.690 Thread 0x000001c904d6b800 7373       3       java.lang.invoke.LambdaForm::identityForm (27 bytes)
Event: 11.690 Thread 0x000001c904d6b800 nmethod 7373 0x000001c96e154d90 code [0x000001c96e154f60, 0x000001c96e155148]
Event: 11.690 Thread 0x000001c904d6b800 7374       3       java.lang.invoke.InnerClassLambdaMetafactory$1::run (5 bytes)
Event: 11.691 Thread 0x000001c904d6b800 nmethod 7374 0x000001c96e155290 code [0x000001c96e155500, 0x000001c96e155ca8]
Event: 11.691 Thread 0x000001c904d6b800 7375       3       java.lang.invoke.InnerClassLambdaMetafactory$1::run (23 bytes)
Event: 11.692 Thread 0x000001c904d6b800 nmethod 7375 0x000001c96e156010 code [0x000001c96e1562a0, 0x000001c96e156bb8]
Event: 11.692 Thread 0x000001c904d6b800 7376       3       java.lang.invoke.SimpleMethodHandle::speciesData (4 bytes)
Event: 11.692 Thread 0x000001c904d6b800 nmethod 7376 0x000001c96e156f90 code [0x000001c96e157140, 0x000001c96e157258]
Event: 11.708 Thread 0x000001c904d6b800 7378   !   3       java.lang.reflect.Proxy$ProxyBuilder::ensureVisible (52 bytes)
Event: 11.709 Thread 0x000001c904d6b800 nmethod 7378 0x000001c96e157310 code [0x000001c96e1575c0, 0x000001c96e158048]
Event: 11.710 Thread 0x000001c904d6b800 7379       3       sun.reflect.annotation.AnnotationParser::skipMemberValue (11 bytes)
Event: 11.710 Thread 0x000001c904d6b800 nmethod 7379 0x000001c96e158490 code [0x000001c96e158660, 0x000001c96e158838]
Event: 11.744 Thread 0x000001c904d6b800 7381       2       java.lang.reflect.AccessibleObject::slowVerifyAccess (62 bytes)
Event: 11.745 Thread 0x000001c904d6b800 nmethod 7381 0x000001c96e158910 code [0x000001c96e158ae0, 0x000001c96e158f38]
Event: 11.745 Thread 0x000001c904d6b800 7382       1       org.gradle.internal.instantiation.generator.AbstractClassGenerator$MethodMetadata::getGenericReturnType (5 bytes)
Event: 11.745 Thread 0x000001c904d6b800 nmethod 7382 0x000001c974b8e810 code [0x000001c974b8e9c0, 0x000001c974b8ea78]

GC Heap History (20 events):
Event: 6.349 GC heap before
{Heap before GC invocations=11 (full 0):
 garbage-first heap   total 129024K, used 89577K [0x0000000080000000, 0x0000000100000000)
  region size 1024K, 50 young (51200K), 5 survivors (5120K)
 Metaspace       used 45780K, capacity 46944K, committed 47176K, reserved 1089536K
  class space    used 5966K, capacity 6386K, committed 6400K, reserved 1048576K
}
Event: 6.353 GC heap after
{Heap after GC invocations=12 (full 0):
 garbage-first heap   total 129024K, used 44713K [0x0000000080000000, 0x0000000100000000)
  region size 1024K, 4 young (4096K), 4 survivors (4096K)
 Metaspace       used 45780K, capacity 46944K, committed 47176K, reserved 1089536K
  class space    used 5966K, capacity 6386K, committed 6400K, reserved 1048576K
}
Event: 6.971 GC heap before
{Heap before GC invocations=12 (full 0):
 garbage-first heap   total 129024K, used 95913K [0x0000000080000000, 0x0000000100000000)
  region size 1024K, 51 young (52224K), 4 survivors (4096K)
 Metaspace       used 48196K, capacity 49501K, committed 49608K, reserved 1091584K
  class space    used 6224K, capacity 6718K, committed 6784K, reserved 1048576K
}
Event: 6.976 GC heap after
{Heap after GC invocations=13 (full 0):
 garbage-first heap   total 129024K, used 50973K [0x0000000080000000, 0x0000000100000000)
  region size 1024K, 7 young (7168K), 7 survivors (7168K)
 Metaspace       used 48196K, capacity 49501K, committed 49608K, reserved 1091584K
  class space    used 6224K, capacity 6718K, committed 6784K, reserved 1048576K
}
Event: 7.410 GC heap before
{Heap before GC invocations=13 (full 0):
 garbage-first heap   total 129024K, used 97053K [0x0000000080000000, 0x0000000100000000)
  region size 1024K, 52 young (53248K), 7 survivors (7168K)
 Metaspace       used 50727K, capacity 52214K, committed 52424K, reserved 1095680K
  class space    used 6412K, capacity 6915K, committed 7040K, reserved 1048576K
}
Event: 7.416 GC heap after
{Heap after GC invocations=14 (full 0):
 garbage-first heap   total 129024K, used 52868K [0x0000000080000000, 0x0000000100000000)
  region size 1024K, 6 young (6144K), 6 survivors (6144K)
 Metaspace       used 50727K, capacity 52214K, committed 52424K, reserved 1095680K
  class space    used 6412K, capacity 6915K, committed 7040K, reserved 1048576K
}
Event: 8.017 GC heap before
{Heap before GC invocations=14 (full 0):
 garbage-first heap   total 129024K, used 103044K [0x0000000080000000, 0x0000000100000000)
  region size 1024K, 51 young (52224K), 6 survivors (6144K)
 Metaspace       used 52746K, capacity 54343K, committed 54472K, reserved 1097728K
  class space    used 6725K, capacity 7280K, committed 7296K, reserved 1048576K
}
Event: 8.022 GC heap after
{Heap after GC invocations=15 (full 0):
 garbage-first heap   total 129024K, used 60860K [0x0000000080000000, 0x0000000100000000)
  region size 1024K, 6 young (6144K), 6 survivors (6144K)
 Metaspace       used 52746K, capacity 54343K, committed 54472K, reserved 1097728K
  class space    used 6725K, capacity 7280K, committed 7296K, reserved 1048576K
}
Event: 8.463 GC heap before
{Heap before GC invocations=15 (full 0):
 garbage-first heap   total 129024K, used 102844K [0x0000000080000000, 0x0000000100000000)
  region size 1024K, 47 young (48128K), 6 survivors (6144K)
 Metaspace       used 54967K, capacity 56778K, committed 56904K, reserved 1099776K
  class space    used 7087K, capacity 7667K, committed 7680K, reserved 1048576K
}
Event: 8.468 GC heap after
{Heap after GC invocations=16 (full 0):
 garbage-first heap   total 129024K, used 62252K [0x0000000080000000, 0x0000000100000000)
  region size 1024K, 2 young (2048K), 2 survivors (2048K)
 Metaspace       used 54967K, capacity 56778K, committed 56904K, reserved 1099776K
  class space    used 7087K, capacity 7667K, committed 7680K, reserved 1048576K
}
Event: 10.265 GC heap before
{Heap before GC invocations=16 (full 0):
 garbage-first heap   total 129024K, used 103212K [0x0000000080000000, 0x0000000100000000)
  region size 1024K, 43 young (44032K), 2 survivors (2048K)
 Metaspace       used 56307K, capacity 58138K, committed 58440K, reserved 1099776K
  class space    used 7206K, capacity 7812K, committed 7936K, reserved 1048576K
}
Event: 10.271 GC heap after
{Heap after GC invocations=17 (full 0):
 garbage-first heap   total 129024K, used 65002K [0x0000000080000000, 0x0000000100000000)
  region size 1024K, 5 young (5120K), 5 survivors (5120K)
 Metaspace       used 56307K, capacity 58138K, committed 58440K, reserved 1099776K
  class space    used 7206K, capacity 7812K, committed 7936K, reserved 1048576K
}
Event: 10.403 GC heap before
{Heap before GC invocations=18 (full 0):
 garbage-first heap   total 129024K, used 69098K [0x0000000080000000, 0x0000000100000000)
  region size 1024K, 11 young (11264K), 5 survivors (5120K)
 Metaspace       used 56430K, capacity 58172K, committed 58440K, reserved 1099776K
  class space    used 7222K, capacity 7799K, committed 7936K, reserved 1048576K
}
Event: 10.411 GC heap after
{Heap after GC invocations=19 (full 0):
 garbage-first heap   total 129024K, used 65840K [0x0000000080000000, 0x0000000100000000)
  region size 1024K, 1 young (1024K), 1 survivors (1024K)
 Metaspace       used 56430K, capacity 58172K, committed 58440K, reserved 1099776K
  class space    used 7222K, capacity 7799K, committed 7936K, reserved 1048576K
}
Event: 10.786 GC heap before
{Heap before GC invocations=20 (full 0):
 garbage-first heap   total 129024K, used 73008K [0x0000000080000000, 0x0000000100000000)
  region size 1024K, 5 young (5120K), 1 survivors (1024K)
 Metaspace       used 56439K, capacity 58172K, committed 58440K, reserved 1099776K
  class space    used 7222K, capacity 7799K, committed 7936K, reserved 1048576K
}
Event: 10.795 GC heap after
{Heap after GC invocations=21 (full 0):
 garbage-first heap   total 129024K, used 72283K [0x0000000080000000, 0x0000000100000000)
  region size 1024K, 4 young (4096K), 4 survivors (4096K)
 Metaspace       used 56439K, capacity 58172K, committed 58440K, reserved 1099776K
  class space    used 7222K, capacity 7799K, committed 7936K, reserved 1048576K
}
Event: 10.935 GC heap before
{Heap before GC invocations=22 (full 0):
 garbage-first heap   total 129024K, used 78427K [0x0000000080000000, 0x0000000100000000)
  region size 1024K, 8 young (8192K), 4 survivors (4096K)
 Metaspace       used 56370K, capacity 58055K, committed 58440K, reserved 1099776K
  class space    used 7201K, capacity 7760K, committed 7936K, reserved 1048576K
}
Event: 10.942 GC heap after
{Heap after GC invocations=23 (full 0):
 garbage-first heap   total 155648K, used 77784K [0x0000000080000000, 0x0000000100000000)
  region size 1024K, 3 young (3072K), 3 survivors (3072K)
 Metaspace       used 56370K, capacity 58055K, committed 58440K, reserved 1099776K
  class space    used 7201K, capacity 7760K, committed 7936K, reserved 1048576K
}
Event: 11.529 GC heap before
{Heap before GC invocations=24 (full 0):
 garbage-first heap   total 155648K, used 116696K [0x0000000080000000, 0x0000000100000000)
  region size 1024K, 39 young (39936K), 3 survivors (3072K)
 Metaspace       used 60580K, capacity 62483K, committed 62792K, reserved 1103872K
  class space    used 7728K, capacity 8339K, committed 8448K, reserved 1048576K
}
Event: 11.532 GC heap after
{Heap after GC invocations=25 (full 0):
 garbage-first heap   total 155648K, used 81999K [0x0000000080000000, 0x0000000100000000)
  region size 1024K, 5 young (5120K), 5 survivors (5120K)
 Metaspace       used 60580K, capacity 62483K, committed 62792K, reserved 1103872K
  class space    used 7728K, capacity 8339K, committed 8448K, reserved 1048576K
}

Deoptimization events (20 events):
Event: 11.274 Thread 0x000001c906802800 DEOPT PACKING pc=0x000001c97497d274 sp=0x00000003c7ef7b00
Event: 11.274 Thread 0x000001c906802800 DEOPT UNPACKING pc=0x000001c96cdb662f sp=0x00000003c7ef7a80 mode 2
Event: 11.599 Thread 0x000001c906802800 DEOPT PACKING pc=0x000001c96d5bb497 sp=0x00000003c7ef6220
Event: 11.599 Thread 0x000001c906802800 DEOPT UNPACKING pc=0x000001c96cdb6dde sp=0x00000003c7ef57a8 mode 0
Event: 11.603 Thread 0x000001c906802800 DEOPT PACKING pc=0x000001c96d5bb497 sp=0x00000003c7ef6400
Event: 11.603 Thread 0x000001c906802800 DEOPT UNPACKING pc=0x000001c96cdb6dde sp=0x00000003c7ef5988 mode 0
Event: 11.605 Thread 0x000001c906802800 DEOPT PACKING pc=0x000001c96d5bb497 sp=0x00000003c7ef6210
Event: 11.605 Thread 0x000001c906802800 DEOPT UNPACKING pc=0x000001c96cdb6dde sp=0x00000003c7ef5798 mode 0
Event: 11.607 Thread 0x000001c906802800 DEOPT PACKING pc=0x000001c96d5bb497 sp=0x00000003c7ef6210
Event: 11.607 Thread 0x000001c906802800 DEOPT UNPACKING pc=0x000001c96cdb6dde sp=0x00000003c7ef5798 mode 0
Event: 11.610 Thread 0x000001c906802800 DEOPT PACKING pc=0x000001c96d5bb497 sp=0x00000003c7ef6400
Event: 11.610 Thread 0x000001c906802800 DEOPT UNPACKING pc=0x000001c96cdb6dde sp=0x00000003c7ef5988 mode 0
Event: 11.612 Thread 0x000001c906802800 DEOPT PACKING pc=0x000001c96d5bb497 sp=0x00000003c7ef6220
Event: 11.612 Thread 0x000001c906802800 DEOPT UNPACKING pc=0x000001c96cdb6dde sp=0x00000003c7ef57a8 mode 0
Event: 11.614 Thread 0x000001c906802800 DEOPT PACKING pc=0x000001c96d5bb497 sp=0x00000003c7ef6220
Event: 11.614 Thread 0x000001c906802800 DEOPT UNPACKING pc=0x000001c96cdb6dde sp=0x00000003c7ef57a8 mode 0
Event: 11.615 Thread 0x000001c906802800 DEOPT PACKING pc=0x000001c96d5bb497 sp=0x00000003c7ef6220
Event: 11.615 Thread 0x000001c906802800 DEOPT UNPACKING pc=0x000001c96cdb6dde sp=0x00000003c7ef57a8 mode 0
Event: 11.617 Thread 0x000001c906802800 DEOPT PACKING pc=0x000001c96d5bb497 sp=0x00000003c7ef6220
Event: 11.618 Thread 0x000001c906802800 DEOPT UNPACKING pc=0x000001c96cdb6dde sp=0x00000003c7ef57a8 mode 0

Classes redefined (0 events):
No events

Internal exceptions (20 events):
Event: 10.550 Thread 0x000001c906802800 Exception <a 'java/security/PrivilegedActionException'{0x0000000087be07e0}> (0x0000000087be07e0) thrown at [./src/hotspot/share/prims/jvm.cpp, line 1306]
Event: 10.550 Thread 0x000001c906802800 Exception <a 'java/security/PrivilegedActionException'{0x0000000087be1d48}> (0x0000000087be1d48) thrown at [./src/hotspot/share/prims/jvm.cpp, line 1306]
Event: 11.003 Thread 0x000001c906802800 Exception <a 'java/lang/ClassNotFoundException'{0x0000000089652bf0}: org/gradle/api/tasks/Delete_DecoratedBeanInfo> (0x0000000089652bf0) thrown at [./src/hotspot/share/classfile/systemDictionary.cpp, line 231]
Event: 11.004 Thread 0x000001c906802800 Exception <a 'java/lang/ClassNotFoundException'{0x000000008967d9c0}: org/gradle/api/tasks/DeleteBeanInfo> (0x000000008967d9c0) thrown at [./src/hotspot/share/classfile/systemDictionary.cpp, line 231]
Event: 11.005 Thread 0x000001c906802800 Exception <a 'java/lang/ClassNotFoundException'{0x00000000896ac520}: org/gradle/api/internal/ConventionTaskBeanInfo> (0x00000000896ac520) thrown at [./src/hotspot/share/classfile/systemDictionary.cpp, line 231]
Event: 11.006 Thread 0x000001c906802800 Exception <a 'java/lang/ClassNotFoundException'{0x00000000896d6c18}: org/gradle/api/DefaultTaskBeanInfo> (0x00000000896d6c18) thrown at [./src/hotspot/share/classfile/systemDictionary.cpp, line 231]
Event: 11.007 Thread 0x000001c906802800 Exception <a 'java/lang/ClassNotFoundException'{0x00000000895059e0}: org/gradle/api/internal/AbstractTaskBeanInfo> (0x00000000895059e0) thrown at [./src/hotspot/share/classfile/systemDictionary.cpp, line 231]
Event: 11.007 Thread 0x000001c906802800 Exception <a 'java/lang/ClassNotFoundException'{0x00000000895347e8}: org/gradle/api/internal/AbstractTaskCustomizer> (0x00000000895347e8) thrown at [./src/hotspot/share/classfile/systemDictionary.cpp, line 231]
Event: 11.010 Thread 0x000001c906802800 Exception <a 'java/lang/ClassNotFoundException'{0x00000000895a8a80}: org/gradle/api/DefaultTaskCustomizer> (0x00000000895a8a80) thrown at [./src/hotspot/share/classfile/systemDictionary.cpp, line 231]
Event: 11.012 Thread 0x000001c906802800 Exception <a 'java/lang/ClassNotFoundException'{0x000000008942b9e8}: org/gradle/api/internal/ConventionTaskCustomizer> (0x000000008942b9e8) thrown at [./src/hotspot/share/classfile/systemDictionary.cpp, line 231]
Event: 11.014 Thread 0x000001c906802800 Exception <a 'java/lang/ClassNotFoundException'{0x0000000089464fa0}: org/gradle/api/tasks/DeleteCustomizer> (0x0000000089464fa0) thrown at [./src/hotspot/share/classfile/systemDictionary.cpp, line 231]
Event: 11.015 Thread 0x000001c906802800 Exception <a 'java/lang/ClassNotFoundException'{0x00000000894a5978}: org/gradle/api/tasks/Delete_DecoratedCustomizer> (0x00000000894a5978) thrown at [./src/hotspot/share/classfile/systemDictionary.cpp, line 231]
Event: 11.045 Thread 0x000001c906802800 Exception <a 'java/lang/ClassNotFoundException'{0x00000000893db8a8}: build_5rs1zantoa2agzemnla9cr33nBeanInfo> (0x00000000893db8a8) thrown at [./src/hotspot/share/classfile/systemDictionary.cpp, line 231]
Event: 11.046 Thread 0x000001c906802800 Exception <a 'java/lang/ClassNotFoundException'{0x00000000893e6860}: build_5rs1zantoa2agzemnla9cr33nCustomizer> (0x00000000893e6860) thrown at [./src/hotspot/share/classfile/systemDictionary.cpp, line 231]
Event: 11.236 Thread 0x000001c906802800 Exception <a 'java/lang/NoSuchMethodError'{0x000000008879e238}: 'java.lang.Object java.lang.invoke.DirectMethodHandle$Holder.invokeStatic(java.lang.Object, java.lang.Object, java.lang.Object, java.lang.Object, int)'> (0x000000008879e238) thrown at [./src/hotspot/share/interpreter/linkResolver.cpp, line 773]
Event: 11.237 Thread 0x000001c906802800 Exception <a 'java/lang/NoSuchMethodError'{0x00000000887a2c30}: 'java.lang.Object java.lang.invoke.DirectMethodHandle$Holder.invokeSpecial(java.lang.Object, java.lang.Object, java.lang.Object, java.lang.Object, java.lang.Object, int)'> (0x00000000887a2c30) thrown at [./src/hotspot/share/interpreter/linkResolver.cpp, line 773]
Event: 11.237 Thread 0x000001c906802800 Exception <a 'java/lang/NoSuchMethodError'{0x00000000887a7270}: 'java.lang.Object java.lang.invoke.Invokers$Holder.linkToTargetMethod(java.lang.Object, java.lang.Object, java.lang.Object, int, java.lang.Object)'> (0x00000000887a7270) thrown at [./src/hotspot/share/interpreter/linkResolver.cpp, line 773]
Event: 11.464 Thread 0x000001c906802800 Exception <a 'java/lang/NoSuchMethodError'{0x00000000879d9f18}: 'java.lang.Object java.lang.invoke.DirectMethodHandle$Holder.invokeSpecial(java.lang.Object, java.lang.Object, int, int, java.lang.Object, java.lang.Object, java.lang.Object)'> (0x00000000879d9f18) thrown at [./src/hotspot/share/interpreter/linkResolver.cpp, line 773]
Event: 11.464 Thread 0x000001c906802800 Exception <a 'java/lang/NoSuchMethodError'{0x00000000879de498}: 'java.lang.Object java.lang.invoke.DelegatingMethodHandle$Holder.reinvoke_L(java.lang.Object, int, int, java.lang.Object, java.lang.Object, java.lang.Object)'> (0x00000000879de498) thrown at [./src/hotspot/share/interpreter/linkResolver.cpp, line 773]
Event: 11.706 Thread 0x000001c906802800 Exception <a 'java/lang/NoSuchMethodError'{0x0000000088f4b360}: 'int java.lang.invoke.DirectMethodHandle$Holder.invokeInterface(java.lang.Object, java.lang.Object, java.lang.Object, java.lang.Object)'> (0x0000000088f4b360) thrown at [./src/hotspot/share/interpreter/linkResolver.cpp, line 773]

Events (20 events):
Event: 11.752 loading class com/google/protobuf/MessageOrBuilder
Event: 11.752 loading class com/google/protobuf/MessageOrBuilder done
Event: 11.753 loading class com/google/protobuf/MessageLiteOrBuilder
Event: 11.753 loading class com/google/protobuf/MessageLiteOrBuilder done
Event: 11.754 loading class com/google/protobuf/GeneratedMessageV3$Builder
Event: 11.754 loading class com/google/protobuf/GeneratedMessageV3$Builder done
Event: 11.755 loading class com/google/protobuf/AbstractMessage$Builder
Event: 11.755 loading class com/google/protobuf/AbstractMessage$Builder done
Event: 11.756 loading class com/google/protobuf/Message$Builder
Event: 11.756 loading class com/google/protobuf/Message$Builder done
Event: 11.756 loading class com/google/protobuf/MessageLite$Builder
Event: 11.756 loading class com/google/protobuf/MessageLite$Builder done
Event: 11.757 loading class com/google/protobuf/AbstractMessageLite$Builder
Event: 11.757 loading class com/google/protobuf/AbstractMessageLite$Builder done
Event: 11.758 loading class com/android/build/gradle/internal/profile/AnalyticsResourceManager
Event: 11.758 loading class com/android/build/gradle/internal/profile/AnalyticsResourceManager done
Event: 11.759 loading class com/google/wireless/android/sdk/stats/GradleBuildProject$Builder
Event: 11.759 loading class com/google/wireless/android/sdk/stats/GradleBuildProject$Builder done
Event: 11.761 loading class com/google/wireless/android/sdk/stats/GradleBuildProjectOrBuilder
Event: 11.761 loading class com/google/wireless/android/sdk/stats/GradleBuildProjectOrBuilder done


Dynamic libraries:
0x00007ff7ffe50000 - 0x00007ff7ffe5a000 	C:\Program Files\Android\Android Studio\jre\bin\java.exe
0x00007ff86b5c0000 - 0x00007ff86b7c9000 	C:\WINDOWS\SYSTEM32\ntdll.dll
0x00007ff86ac40000 - 0x00007ff86acfd000 	C:\WINDOWS\System32\KERNEL32.DLL
0x00007ff869070000 - 0x00007ff8693e4000 	C:\WINDOWS\System32\KERNELBASE.dll
0x00007ff868d70000 - 0x00007ff868e81000 	C:\WINDOWS\System32\ucrtbase.dll
0x00007ff83b000000 - 0x00007ff83b019000 	C:\Program Files\Android\Android Studio\jre\bin\jli.dll
0x00007ff83af80000 - 0x00007ff83af97000 	C:\Program Files\Android\Android Studio\jre\bin\VCRUNTIME140.dll
0x00007ff86a6a0000 - 0x00007ff86a84c000 	C:\WINDOWS\System32\USER32.dll
0x00007ff8576f0000 - 0x00007ff857995000 	C:\WINDOWS\WinSxS\amd64_microsoft.windows.common-controls_6595b64144ccf1df_6.0.22000.120_none_9d947278b86cc467\COMCTL32.dll
0x00007ff868bd0000 - 0x00007ff868bf6000 	C:\WINDOWS\System32\win32u.dll
0x00007ff86ac10000 - 0x00007ff86ac39000 	C:\WINDOWS\System32\GDI32.dll
0x00007ff86aaa0000 - 0x00007ff86ab43000 	C:\WINDOWS\System32\msvcrt.dll
0x00007ff868e90000 - 0x00007ff868fa2000 	C:\WINDOWS\System32\gdi32full.dll
0x00007ff868b30000 - 0x00007ff868bcd000 	C:\WINDOWS\System32\msvcp_win.dll
0x00007ff86af10000 - 0x00007ff86af41000 	C:\WINDOWS\System32\IMM32.DLL
0x00007ff81f420000 - 0x00007ff81f4bd000 	C:\Program Files\Android\Android Studio\jre\bin\msvcp140.dll
0x00007ff81b330000 - 0x00007ff81be05000 	C:\Program Files\Android\Android Studio\jre\bin\server\jvm.dll
0x00007ff86a010000 - 0x00007ff86a0be000 	C:\WINDOWS\System32\ADVAPI32.dll
0x00007ff86a0c0000 - 0x00007ff86a15e000 	C:\WINDOWS\System32\sechost.dll
0x00007ff86af60000 - 0x00007ff86b080000 	C:\WINDOWS\System32\RPCRT4.dll
0x00007ff86a9b0000 - 0x00007ff86a9b8000 	C:\WINDOWS\System32\PSAPI.DLL
0x00007ff8629d0000 - 0x00007ff862a03000 	C:\WINDOWS\SYSTEM32\WINMM.dll
0x00007ff861b60000 - 0x00007ff861b6a000 	C:\WINDOWS\SYSTEM32\VERSION.dll
0x00007ff852b60000 - 0x00007ff852b69000 	C:\WINDOWS\SYSTEM32\WSOCK32.dll
0x00007ff86ae20000 - 0x00007ff86ae8f000 	C:\WINDOWS\System32\WS2_32.dll
0x00007ff867ca0000 - 0x00007ff867cb8000 	C:\WINDOWS\SYSTEM32\kernel.appcore.dll
0x00007ff865450000 - 0x00007ff865461000 	C:\Program Files\Android\Android Studio\jre\bin\verify.dll
0x00007ff866620000 - 0x00007ff866841000 	C:\WINDOWS\SYSTEM32\DBGHELP.DLL
0x00007ff8529d0000 - 0x00007ff852a01000 	C:\WINDOWS\SYSTEM32\dbgcore.DLL
0x00007ff868ab0000 - 0x00007ff868b2f000 	C:\WINDOWS\System32\bcryptPrimitives.dll
0x00007ff845970000 - 0x00007ff845999000 	C:\Program Files\Android\Android Studio\jre\bin\java.dll
0x00007ff850010000 - 0x00007ff85001b000 	C:\Program Files\Android\Android Studio\jre\bin\jimage.dll
0x00007ff844070000 - 0x00007ff844088000 	C:\Program Files\Android\Android Studio\jre\bin\zip.dll
0x00007ff869700000 - 0x00007ff869eae000 	C:\WINDOWS\System32\SHELL32.dll
0x00007ff866c30000 - 0x00007ff867498000 	C:\WINDOWS\SYSTEM32\windows.storage.dll
0x00007ff86a160000 - 0x00007ff86a4d8000 	C:\WINDOWS\System32\combase.dll
0x00007ff866ac0000 - 0x00007ff866c26000 	C:\WINDOWS\SYSTEM32\wintypes.dll
0x00007ff86a850000 - 0x00007ff86a93a000 	C:\WINDOWS\System32\SHCORE.dll
0x00007ff869eb0000 - 0x00007ff869f0d000 	C:\WINDOWS\System32\shlwapi.dll
0x00007ff8689e0000 - 0x00007ff868a01000 	C:\WINDOWS\SYSTEM32\profapi.dll
0x00007ff83e810000 - 0x00007ff83e82a000 	C:\Program Files\Android\Android Studio\jre\bin\net.dll
0x00007ff8626b0000 - 0x00007ff8627bc000 	C:\WINDOWS\SYSTEM32\WINHTTP.dll
0x00007ff8680d0000 - 0x00007ff868137000 	C:\WINDOWS\system32\mswsock.dll
0x00007ff83cde0000 - 0x00007ff83cdf4000 	C:\Program Files\Android\Android Studio\jre\bin\nio.dll
0x00007ff851680000 - 0x00007ff8516a7000 	C:\Users\josh\.gradle\native\e1d6ef7f7dcc3fd88c89a11ec53ec762bb8ba0a96d01ffa2cd45eb1d1d8dd5c5\windows-amd64\native-platform.dll
0x00007ff848530000 - 0x00007ff848674000 	C:\Users\josh\.gradle\native\5664cfc778a61ccfe75a443a1ab52a65af34e5dc3c78e0209fed803814484fcb\windows-amd64\native-platform-file-events.dll
0x00007ff84eb80000 - 0x00007ff84eb8a000 	C:\Program Files\Android\Android Studio\jre\bin\management.dll
0x00007ff84d300000 - 0x00007ff84d30d000 	C:\Program Files\Android\Android Studio\jre\bin\management_ext.dll
0x00007ff868310000 - 0x00007ff868328000 	C:\WINDOWS\SYSTEM32\CRYPTSP.dll
0x00007ff867c00000 - 0x00007ff867c35000 	C:\WINDOWS\system32\rsaenh.dll
0x00007ff8681c0000 - 0x00007ff8681e9000 	C:\WINDOWS\SYSTEM32\USERENV.dll
0x00007ff868490000 - 0x00007ff8684b7000 	C:\WINDOWS\SYSTEM32\bcrypt.dll
0x00007ff868330000 - 0x00007ff86833c000 	C:\WINDOWS\SYSTEM32\CRYPTBASE.dll
0x00007ff867810000 - 0x00007ff86783d000 	C:\WINDOWS\SYSTEM32\IPHLPAPI.DLL
0x00007ff86a000000 - 0x00007ff86a009000 	C:\WINDOWS\System32\NSI.dll
0x00007ff862500000 - 0x00007ff862519000 	C:\WINDOWS\SYSTEM32\dhcpcsvc6.DLL
0x00007ff863660000 - 0x00007ff86367e000 	C:\WINDOWS\SYSTEM32\dhcpcsvc.DLL
0x00007ff867840000 - 0x00007ff867927000 	C:\WINDOWS\SYSTEM32\DNSAPI.dll

dbghelp: loaded successfully - version: 4.0.5 - missing functions: none
symbol engine: initialized successfully - sym options: 0x614 - pdb path: .;C:\Program Files\Android\Android Studio\jre\bin;C:\WINDOWS\SYSTEM32;C:\WINDOWS\WinSxS\amd64_microsoft.windows.common-controls_6595b64144ccf1df_6.0.22000.120_none_9d947278b86cc467;C:\Program Files\Android\Android Studio\jre\bin\server;C:\Users\josh\.gradle\native\e1d6ef7f7dcc3fd88c89a11ec53ec762bb8ba0a96d01ffa2cd45eb1d1d8dd5c5\windows-amd64;C:\Users\josh\.gradle\native\5664cfc778a61ccfe75a443a1ab52a65af34e5dc3c78e0209fed803814484fcb\windows-amd64

VM Arguments:
jvm_args: --add-opens=java.base/java.util=ALL-UNNAMED --add-opens=java.base/java.lang=ALL-UNNAMED --add-opens=java.base/java.lang.invoke=ALL-UNNAMED --add-opens=java.base/java.util=ALL-UNNAMED --add-opens=java.prefs/java.util.prefs=ALL-UNNAMED --add-opens=java.prefs/java.util.prefs=ALL-UNNAMED --add-opens=java.base/java.nio.charset=ALL-UNNAMED --add-opens=java.base/java.net=ALL-UNNAMED --add-opens=java.base/java.util.concurrent.atomic=ALL-UNNAMED -Xmx2048m -Dfile.encoding=UTF-8 -Duser.country=ID -Duser.language=en -Duser.variant 
java_command: org.gradle.launcher.daemon.bootstrap.GradleDaemon 7.2
java_class_path (initial): C:\Users\josh\.gradle\wrapper\dists\gradle-7.2-bin\2dnblmf4td7x66yl1d74lt32g\gradle-7.2\lib\gradle-launcher-7.2.jar
Launcher Type: SUN_STANDARD

[Global flags]
     intx CICompilerCount                          = 4                                         {product} {ergonomic}
     uint ConcGCThreads                            = 3                                         {product} {ergonomic}
     uint G1ConcRefinementThreads                  = 10                                        {product} {ergonomic}
   size_t G1HeapRegionSize                         = 1048576                                   {product} {ergonomic}
    uintx GCDrainStackTargetSize                   = 64                                        {product} {ergonomic}
   size_t InitialHeapSize                          = 132120576                                 {product} {ergonomic}
   size_t MarkStackSize                            = 4194304                                   {product} {ergonomic}
   size_t MaxHeapSize                              = 2147483648                                {product} {command line}
   size_t MaxNewSize                               = 1287651328                                {product} {ergonomic}
   size_t MinHeapDeltaBytes                        = 1048576                                   {product} {ergonomic}
    uintx NonNMethodCodeHeapSize                   = 5836300                                {pd product} {ergonomic}
    uintx NonProfiledCodeHeapSize                  = 122910970                              {pd product} {ergonomic}
    uintx ProfiledCodeHeapSize                     = 122910970                              {pd product} {ergonomic}
    uintx ReservedCodeCacheSize                    = 251658240                              {pd product} {ergonomic}
     bool SegmentedCodeCache                       = true                                      {product} {ergonomic}
     bool UseCompressedClassPointers               = true                                 {lp64_product} {ergonomic}
     bool UseCompressedOops                        = true                                 {lp64_product} {ergonomic}
     bool UseG1GC                                  = true                                      {product} {ergonomic}
     bool UseLargePagesIndividualAllocation        = false                                  {pd product} {ergonomic}

Logging:
Log output configuration:
 #0: stdout all=warning uptime,level,tags
 #1: stderr all=off uptime,level,tags

Environment Variables:
PATH=C:\Program Files (x86)\Common Files\Intel\Shared Libraries\redist\intel64\compiler;C:\Windows\system32;C:\Windows;C:\Windows\System32\Wbem;C:\Windows\System32\WindowsPowerShell\v1.0\;C:\Windows\System32\OpenSSH\;C:\Program Files (x86)\NVIDIA Corporation\PhysX\Common;C:\Program Files\NVIDIA Corporation\NVIDIA NvDLISR;C:\WINDOWS\system32;C:\WINDOWS;C:\WINDOWS\System32\Wbem;C:\WINDOWS\System32\WindowsPowerShell\v1.0\;C:\WINDOWS\System32\OpenSSH\;C:\Users\josh\AppData\Local\Microsoft\WindowsApps;
USERNAME=josh
OS=Windows_NT
PROCESSOR_IDENTIFIER=Intel64 Family 6 Model 158 Stepping 10, GenuineIntel



---------------  S Y S T E M  ---------------

OS: Windows 10 , 64 bit Build 22000 (10.0.22000.434)
OS uptime: 1 days 19:09 hours

CPU:total 12 (initial active 12) (6 cores per cpu, 2 threads per core) family 6 model 158 stepping 10 microcode 0xde, cmov, cx8, fxsr, mmx, sse, sse2, sse3, ssse3, sse4.1, sse4.2, popcnt, avx, avx2, aes, clmul, erms, 3dnowpref, lzcnt, ht, tsc, tscinvbit, bmi1, bmi2, adx, fma

Memory: 4k page, system-wide physical 8046M (73M free)
TotalPageFile size 32622M (AvailPageFile size 2M)
current process WorkingSet (physical memory assigned to process): 274M, peak: 280M
current process commit charge ("private bytes"): 396M, peak: 398M

vm_info: OpenJDK 64-Bit Server VM (11.0.11+9-b60-7590822) for windows-amd64 JRE (11.0.11+9-b60-7590822), built on Jul 29 2021 21:43:44 by "builder" with MS VC++ 14.0 (VS2015)

END.
